TN:
SF:src/app/app.component.ts
FN:15,(anonymous_0)
FN:22,(anonymous_1)
FN:29,(anonymous_2)
FN:34,(anonymous_3)
FN:38,(anonymous_4)
FN:39,(anonymous_5)
FN:43,(anonymous_6)
FN:50,(anonymous_7)
FNF:8
FNH:4
FNDA:1,(anonymous_0)
FNDA:1,(anonymous_1)
FNDA:0,(anonymous_2)
FNDA:0,(anonymous_3)
FNDA:1,(anonymous_4)
FNDA:0,(anonymous_5)
FNDA:0,(anonymous_6)
FNDA:1,(anonymous_7)
DA:11,1
DA:12,1
DA:13,1
DA:16,1
DA:17,1
DA:18,1
DA:19,1
DA:23,1
DA:24,1
DA:25,1
DA:26,1
DA:30,0
DA:31,0
DA:35,0
DA:39,1
DA:40,0
DA:43,1
DA:44,0
DA:45,0
DA:51,1
LF:20
LH:14
BRDA:44,0,0,0
BRDA:44,1,0,0
BRDA:44,1,1,0
BRF:3
BRH:0
end_of_record
TN:
SF:src/app/core/animations/enter-leave.animations.ts
FNF:0
FNH:0
DA:2,1
LF:1
LH:1
BRF:0
BRH:0
end_of_record
TN:
SF:src/app/core/auth/auth.guard.ts
FN:14,(anonymous_0)
FN:16,(anonymous_1)
FN:20,(anonymous_2)
FN:24,(anonymous_3)
FNF:4
FNH:0
FNDA:0,(anonymous_0)
FNDA:0,(anonymous_1)
FNDA:0,(anonymous_2)
FNDA:0,(anonymous_3)
DA:13,1
DA:14,0
DA:17,0
DA:21,0
DA:25,0
LF:5
LH:1
BRDA:25,0,0,0
BRDA:25,0,1,0
BRF:2
BRH:0
end_of_record
TN:
SF:src/app/core/auth/auth.service.ts
FN:30,(anonymous_0)
FN:28,(anonymous_1)
FN:38,(anonymous_2)
FN:39,(anonymous_3)
FN:40,(anonymous_4)
FN:44,(anonymous_5)
FN:48,(anonymous_6)
FN:52,(anonymous_7)
FN:55,(anonymous_8)
FN:59,(anonymous_9)
FN:69,(anonymous_10)
FN:73,(anonymous_11)
FN:74,(anonymous_12)
FN:80,(anonymous_13)
FN:89,(anonymous_14)
FN:93,(anonymous_15)
FN:97,(anonymous_16)
FN:99,(anonymous_17)
FN:104,(anonymous_18)
FN:107,(anonymous_19)
FN:114,(anonymous_20)
FNF:21
FNH:0
FNDA:0,(anonymous_0)
FNDA:0,(anonymous_1)
FNDA:0,(anonymous_2)
FNDA:0,(anonymous_3)
FNDA:0,(anonymous_4)
FNDA:0,(anonymous_5)
FNDA:0,(anonymous_6)
FNDA:0,(anonymous_7)
FNDA:0,(anonymous_8)
FNDA:0,(anonymous_9)
FNDA:0,(anonymous_10)
FNDA:0,(anonymous_11)
FNDA:0,(anonymous_12)
FNDA:0,(anonymous_13)
FNDA:0,(anonymous_14)
FNDA:0,(anonymous_15)
FNDA:0,(anonymous_16)
FNDA:0,(anonymous_17)
FNDA:0,(anonymous_18)
FNDA:0,(anonymous_19)
FNDA:0,(anonymous_20)
DA:23,1
DA:24,0
DA:25,0
DA:26,0
DA:28,0
DA:31,0
DA:32,0
DA:33,0
DA:34,0
DA:35,0
DA:39,0
DA:40,0
DA:45,0
DA:49,0
DA:53,0
DA:55,0
DA:60,0
DA:65,0
DA:69,0
DA:74,0
DA:75,0
DA:76,0
DA:81,0
DA:82,0
DA:84,0
DA:85,0
DA:86,0
DA:90,0
DA:94,0
DA:98,0
DA:99,0
DA:101,0
DA:102,0
DA:104,0
DA:108,0
DA:115,0
LF:36
LH:1
BRDA:81,0,0,0
BRDA:98,1,0,0
BRDA:101,2,0,0
BRF:3
BRH:0
end_of_record
TN:
SF:src/app/core/auth/token.service.ts
FN:13,(anonymous_0)
FN:15,(anonymous_1)
FN:24,(anonymous_2)
FN:28,(anonymous_3)
FN:33,(anonymous_4)
FN:37,(anonymous_5)
FN:45,(anonymous_6)
FN:49,(anonymous_7)
FNF:8
FNH:0
FNDA:0,(anonymous_0)
FNDA:0,(anonymous_1)
FNDA:0,(anonymous_2)
FNDA:0,(anonymous_3)
FNDA:0,(anonymous_4)
FNDA:0,(anonymous_5)
FNDA:0,(anonymous_6)
FNDA:0,(anonymous_7)
DA:8,1
DA:9,0
DA:10,0
DA:13,0
DA:16,0
DA:17,0
DA:18,0
DA:20,0
DA:25,0
DA:29,0
DA:30,0
DA:34,0
DA:38,0
DA:39,0
DA:41,0
DA:46,0
DA:50,0
DA:52,0
DA:53,0
DA:55,0
DA:56,0
DA:59,0
LF:22
LH:1
BRDA:16,0,0,0
BRDA:16,0,1,0
BRDA:38,1,0,0
BRDA:38,1,1,0
BRDA:38,2,0,0
BRDA:38,2,1,0
BRDA:46,3,0,0
BRDA:46,3,1,0
BRDA:52,4,0,0
BRDA:52,4,1,0
BRF:10
BRH:0
end_of_record
TN:
SF:src/app/core/config/routes.config.ts
FNF:0
FNH:0
DA:1,1
LF:1
LH:1
BRF:0
BRH:0
end_of_record
TN:
SF:src/app/core/interceptors/index.ts
FNF:0
FNH:0
DA:7,1
LF:1
LH:1
BRF:0
BRH:0
end_of_record
TN:
SF:src/app/core/interceptors/token-interceptor.ts
FN:14,(anonymous_0)
FN:16,(anonymous_1)
FN:29,(anonymous_2)
FN:34,(anonymous_3)
FNF:4
FNH:0
FNDA:0,(anonymous_0)
FNDA:0,(anonymous_1)
FNDA:0,(anonymous_2)
FNDA:0,(anonymous_3)
DA:13,1
DA:14,0
DA:20,0
DA:21,0
DA:22,0
DA:28,0
DA:30,0
DA:31,0
DA:33,0
DA:34,0
LF:10
LH:1
BRDA:21,0,0,0
BRDA:30,1,0,0
BRDA:33,2,0,0
BRDA:33,2,1,0
BRF:4
BRH:0
end_of_record
TN:
SF:src/app/routes/artist/page/artists/artists.page.ts
FNF:0
FNH:0
DA:8,1
LF:1
LH:1
BRF:0
BRH:0
end_of_record
TN:
SF:src/app/routes/club/pages/clubs/clubs.page.ts
FNF:0
FNH:0
DA:11,1
LF:1
LH:1
BRF:0
BRH:0
end_of_record
TN:
SF:src/app/routes/event/pages/events/events.page.ts
FNF:0
FNH:0
DA:8,1
LF:1
LH:1
BRF:0
BRH:0
end_of_record
TN:
SF:src/app/routes/festival/pages/festivals/festivals.page.ts
FNF:0
FNH:0
DA:11,1
LF:1
LH:1
BRF:0
BRH:0
end_of_record
TN:
SF:src/app/routes/set/pages/sets/sets.page.ts
FNF:0
FNH:0
DA:11,1
LF:1
LH:1
BRF:0
BRH:0
end_of_record
TN:
SF:src/app/routes/tracks/pages/tracks/tracks.page.ts
FNF:0
FNH:0
DA:11,1
LF:1
LH:1
BRF:0
BRH:0
end_of_record
TN:
SF:src/app/shared/shared.module.ts
FNF:0
FNH:0
DA:98,1
DA:153,1
DA:154,1
DA:167,1
DA:183,1
DA:202,1
LF:6
LH:6
BRF:0
BRH:0
end_of_record
TN:
SF:src/app/shared/components/base/generic-admin-list/generic-admin-list.base.ts
FN:28,(anonymous_0)
FN:36,(anonymous_1)
FN:48,(anonymous_2)
FN:60,(anonymous_3)
FN:72,(anonymous_4)
FN:104,(anonymous_5)
FN:116,(anonymous_6)
FN:123,(anonymous_7)
FN:137,(anonymous_8)
FN:140,(anonymous_9)
FN:145,(anonymous_10)
FN:154,(anonymous_11)
FN:170,(anonymous_12)
FN:177,(anonymous_13)
FN:184,(anonymous_14)
FN:189,(anonymous_15)
FN:197,(anonymous_16)
FN:210,(anonymous_17)
FN:224,(anonymous_18)
FN:229,(anonymous_19)
FN:239,(anonymous_20)
FN:243,(anonymous_21)
FN:253,(anonymous_22)
FNF:23
FNH:0
FNDA:0,(anonymous_0)
FNDA:0,(anonymous_1)
FNDA:0,(anonymous_2)
FNDA:0,(anonymous_3)
FNDA:0,(anonymous_4)
FNDA:0,(anonymous_5)
FNDA:0,(anonymous_6)
FNDA:0,(anonymous_7)
FNDA:0,(anonymous_8)
FNDA:0,(anonymous_9)
FNDA:0,(anonymous_10)
FNDA:0,(anonymous_11)
FNDA:0,(anonymous_12)
FNDA:0,(anonymous_13)
FNDA:0,(anonymous_14)
FNDA:0,(anonymous_15)
FNDA:0,(anonymous_16)
FNDA:0,(anonymous_17)
FNDA:0,(anonymous_18)
FNDA:0,(anonymous_19)
FNDA:0,(anonymous_20)
FNDA:0,(anonymous_21)
FNDA:0,(anonymous_22)
DA:24,1
DA:27,0
DA:29,0
DA:30,0
DA:31,0
DA:32,0
DA:33,0
DA:37,0
DA:38,0
DA:39,0
DA:40,0
DA:41,0
DA:42,0
DA:43,0
DA:49,0
DA:50,0
DA:51,0
DA:52,0
DA:53,0
DA:54,0
DA:55,0
DA:56,0
DA:61,0
DA:62,0
DA:63,0
DA:64,0
DA:65,0
DA:66,0
DA:67,0
DA:68,0
DA:74,0
DA:75,0
DA:76,0
DA:77,0
DA:81,0
DA:82,0
DA:83,0
DA:84,0
DA:85,0
DA:89,0
DA:90,0
DA:91,0
DA:92,0
DA:93,0
DA:95,0
DA:96,0
DA:97,0
DA:103,0
DA:105,0
DA:106,0
DA:107,0
DA:109,0
DA:110,0
DA:111,0
DA:113,0
DA:114,0
DA:117,0
DA:118,0
DA:124,0
DA:125,0
DA:127,0
DA:128,0
DA:129,0
DA:130,0
DA:131,0
DA:132,0
DA:133,0
DA:134,0
DA:136,0
DA:138,0
DA:140,0
DA:146,0
DA:147,0
DA:148,0
DA:149,0
DA:150,0
DA:155,0
DA:156,0
DA:158,0
DA:159,0
DA:160,0
DA:161,0
DA:162,0
DA:163,0
DA:164,0
DA:167,0
DA:171,0
DA:172,0
DA:173,0
DA:174,0
DA:178,0
DA:179,0
DA:180,0
DA:181,0
DA:185,0
DA:186,0
DA:190,0
DA:191,0
DA:192,0
DA:193,0
DA:198,0
DA:199,0
DA:200,0
DA:201,0
DA:203,0
DA:204,0
DA:205,0
DA:206,0
DA:211,0
DA:212,0
DA:213,0
DA:214,0
DA:215,0
DA:216,0
DA:217,0
DA:218,0
DA:220,0
DA:221,0
DA:225,0
DA:226,0
DA:230,0
DA:231,0
DA:232,0
DA:240,0
DA:241,0
DA:244,0
DA:245,0
DA:249,0
DA:254,0
DA:255,0
DA:262,0
LF:131
LH:1
BRDA:37,0,0,0
BRDA:42,1,0,0
BRDA:49,2,0,0
BRDA:49,2,1,0
BRDA:51,3,0,0
BRDA:51,3,1,0
BRDA:52,4,0,0
BRDA:52,4,1,0
BRDA:53,5,0,0
BRDA:53,5,1,0
BRDA:55,6,0,0
BRDA:56,7,0,0
BRDA:56,7,1,0
BRDA:61,8,0,0
BRDA:61,8,1,0
BRDA:63,9,0,0
BRDA:63,9,1,0
BRDA:65,10,0,0
BRDA:65,10,1,0
BRDA:67,11,0,0
BRDA:72,12,0,0
BRDA:74,13,0,0
BRDA:74,13,1,0
BRDA:82,14,0,0
BRDA:82,14,1,0
BRDA:89,15,0,0
BRDA:89,15,1,0
BRDA:105,16,0,0
BRDA:105,16,1,0
BRDA:124,17,0,0
BRDA:127,18,0,0
BRDA:127,18,1,0
BRDA:129,19,0,0
BRDA:129,19,1,0
BRDA:131,20,0,0
BRDA:131,20,1,0
BRDA:133,21,0,0
BRDA:148,22,0,0
BRDA:148,23,0,0
BRDA:148,23,1,0
BRDA:149,24,0,0
BRDA:149,24,1,0
BRDA:155,25,0,0
BRDA:158,26,0,0
BRDA:159,27,0,0
BRDA:159,27,1,0
BRDA:159,28,0,0
BRDA:159,28,1,0
BRDA:161,29,0,0
BRDA:161,29,1,0
BRDA:163,30,0,0
BRDA:190,31,0,0
BRDA:190,31,1,0
BRDA:192,32,0,0
BRDA:198,33,0,0
BRDA:198,33,1,0
BRDA:211,34,0,0
BRDA:211,34,1,0
BRDA:213,35,0,0
BRDA:213,35,1,0
BRDA:215,36,0,0
BRDA:215,36,1,0
BRDA:217,37,0,0
BRDA:230,38,0,0
BRDA:230,38,1,0
BRDA:257,39,0,0
BRDA:257,39,1,0
BRF:67
BRH:0
end_of_record
TN:
SF:src/app/shared/components/base/generic-admin-list/generic-admin-list.base.view-model.ts
FN:42,(anonymous_0)
FNF:1
FNH:0
FNDA:0,(anonymous_0)
DA:11,0
DA:12,0
DA:13,0
DA:14,0
DA:15,0
DA:16,0
DA:17,0
DA:18,0
DA:19,0
DA:28,0
DA:29,0
DA:30,0
DA:31,0
DA:32,0
DA:33,0
DA:34,0
DA:35,0
DA:43,0
DA:44,0
DA:45,0
DA:50,0
LF:21
LH:0
BRF:0
BRH:0
end_of_record
TN:
SF:src/app/shared/components/base/generic-admin-one/generic-admin-one.base.ts
FN:26,(anonymous_0)
FN:35,(anonymous_1)
FN:47,(anonymous_2)
FN:59,(anonymous_3)
FN:80,(anonymous_4)
FN:92,(anonymous_5)
FN:106,(anonymous_6)
FN:119,(anonymous_7)
FN:125,(anonymous_8)
FN:137,(anonymous_9)
FN:152,(anonymous_10)
FN:160,(anonymous_11)
FN:172,(anonymous_12)
FN:181,(anonymous_13)
FN:184,(anonymous_14)
FN:185,(anonymous_15)
FN:186,(anonymous_16)
FN:192,(anonymous_17)
FN:195,(anonymous_18)
FN:196,(anonymous_19)
FN:197,(anonymous_20)
FN:203,(anonymous_21)
FN:206,(anonymous_22)
FN:207,(anonymous_23)
FN:208,(anonymous_24)
FN:214,(anonymous_25)
FN:219,(anonymous_26)
FN:223,(anonymous_27)
FNF:28
FNH:0
FNDA:0,(anonymous_0)
FNDA:0,(anonymous_1)
FNDA:0,(anonymous_2)
FNDA:0,(anonymous_3)
FNDA:0,(anonymous_4)
FNDA:0,(anonymous_5)
FNDA:0,(anonymous_6)
FNDA:0,(anonymous_7)
FNDA:0,(anonymous_8)
FNDA:0,(anonymous_9)
FNDA:0,(anonymous_10)
FNDA:0,(anonymous_11)
FNDA:0,(anonymous_12)
FNDA:0,(anonymous_13)
FNDA:0,(anonymous_14)
FNDA:0,(anonymous_15)
FNDA:0,(anonymous_16)
FNDA:0,(anonymous_17)
FNDA:0,(anonymous_18)
FNDA:0,(anonymous_19)
FNDA:0,(anonymous_20)
FNDA:0,(anonymous_21)
FNDA:0,(anonymous_22)
FNDA:0,(anonymous_23)
FNDA:0,(anonymous_24)
FNDA:0,(anonymous_25)
FNDA:0,(anonymous_26)
FNDA:0,(anonymous_27)
DA:21,1
DA:24,0
DA:27,0
DA:28,0
DA:29,0
DA:30,0
DA:31,0
DA:32,0
DA:36,0
DA:37,0
DA:38,0
DA:39,0
DA:40,0
DA:41,0
DA:42,0
DA:43,0
DA:48,0
DA:49,0
DA:50,0
DA:51,0
DA:52,0
DA:53,0
DA:54,0
DA:55,0
DA:60,0
DA:62,0
DA:63,0
DA:65,0
DA:66,0
DA:67,0
DA:69,0
DA:70,0
DA:72,0
DA:73,0
DA:74,0
DA:76,0
DA:81,0
DA:82,0
DA:83,0
DA:84,0
DA:85,0
DA:86,0
DA:87,0
DA:88,0
DA:93,0
DA:94,0
DA:98,0
DA:99,0
DA:107,0
DA:113,0
DA:114,0
DA:116,0
DA:118,0
DA:120,0
DA:121,0
DA:122,0
DA:123,0
DA:126,0
DA:127,0
DA:139,0
DA:140,0
DA:144,0
DA:146,0
DA:149,0
DA:153,0
DA:154,0
DA:155,0
DA:156,0
DA:161,0
DA:162,0
DA:164,0
DA:165,0
DA:167,0
DA:168,0
DA:173,0
DA:174,0
DA:176,0
DA:177,0
DA:182,0
DA:183,0
DA:184,0
DA:186,0
DA:187,0
DA:193,0
DA:194,0
DA:195,0
DA:197,0
DA:198,0
DA:204,0
DA:205,0
DA:206,0
DA:208,0
DA:209,0
DA:215,0
DA:216,0
DA:220,0
DA:224,0
DA:225,0
DA:232,0
DA:233,0
LF:100
LH:1
BRDA:38,0,0,0
BRDA:48,1,0,0
BRDA:48,1,1,0
BRDA:52,2,0,0
BRDA:60,3,0,0
BRDA:60,3,1,0
BRDA:60,3,2,0
BRDA:60,3,3,0
BRDA:60,3,4,0
BRDA:62,4,0,0
BRDA:62,4,1,0
BRDA:65,5,0,0
BRDA:65,5,1,0
BRDA:66,6,0,0
BRDA:66,6,1,0
BRDA:69,7,0,0
BRDA:69,7,1,0
BRDA:72,8,0,0
BRDA:72,8,1,0
BRDA:73,9,0,0
BRDA:73,9,1,0
BRDA:81,10,0,0
BRDA:81,10,1,0
BRDA:83,11,0,0
BRDA:83,11,1,0
BRDA:85,12,0,0
BRDA:85,12,1,0
BRDA:87,13,0,0
BRDA:93,14,0,0
BRDA:93,14,1,0
BRDA:98,15,0,0
BRDA:113,16,0,0
BRDA:113,16,1,0
BRDA:130,17,0,0
BRDA:130,17,1,0
BRDA:139,18,0,0
BRDA:139,18,1,0
BRDA:153,19,0,0
BRDA:153,19,1,0
BRDA:155,20,0,0
BRDA:161,21,0,0
BRDA:161,22,0,0
BRDA:161,22,1,0
BRDA:164,23,0,0
BRDA:164,24,0,0
BRDA:164,24,1,0
BRDA:167,25,0,0
BRDA:167,26,0,0
BRDA:167,26,1,0
BRDA:173,27,0,0
BRDA:173,28,0,0
BRDA:173,28,1,0
BRDA:176,29,0,0
BRDA:176,30,0,0
BRDA:176,30,1,0
BRDA:224,31,0,0
BRDA:224,31,1,0
BRDA:232,32,0,0
BRF:58
BRH:0
end_of_record
TN:
SF:src/app/shared/components/base/generic-admin-one/generic-admin-one.base.view-model.ts
FN:22,(anonymous_0)
FNF:1
FNH:0
FNDA:0,(anonymous_0)
DA:6,0
DA:7,0
DA:8,0
DA:9,0
DA:11,0
DA:13,0
DA:14,0
DA:15,0
DA:16,0
DA:17,0
DA:23,0
DA:24,0
DA:25,0
LF:13
LH:0
BRF:0
BRH:0
end_of_record
TN:
SF:src/app/shared/components/base/generic-list/generic-list.base.ts
FN:25,(anonymous_0)
FN:31,(anonymous_1)
FN:40,(anonymous_2)
FN:75,(anonymous_3)
FN:85,(anonymous_4)
FN:93,(anonymous_5)
FN:96,(anonymous_6)
FN:108,(anonymous_7)
FN:117,(anonymous_8)
FN:122,(anonymous_9)
FN:126,(anonymous_10)
FN:133,(anonymous_11)
FN:138,(anonymous_12)
FN:145,(anonymous_13)
FN:157,(anonymous_14)
FN:162,(anonymous_15)
FN:175,(anonymous_16)
FNF:17
FNH:9
FNDA:12,(anonymous_0)
FNDA:12,(anonymous_1)
FNDA:6,(anonymous_2)
FNDA:6,(anonymous_3)
FNDA:6,(anonymous_4)
FNDA:6,(anonymous_5)
FNDA:6,(anonymous_6)
FNDA:0,(anonymous_7)
FNDA:2,(anonymous_8)
FNDA:0,(anonymous_9)
FNDA:0,(anonymous_10)
FNDA:0,(anonymous_11)
FNDA:0,(anonymous_12)
FNDA:0,(anonymous_13)
FNDA:0,(anonymous_14)
FNDA:6,(anonymous_15)
FNDA:0,(anonymous_16)
DA:21,1
DA:24,12
DA:26,12
DA:27,12
DA:28,12
DA:32,12
DA:33,6
DA:34,6
DA:35,6
DA:36,6
DA:41,6
DA:42,1
DA:43,1
DA:44,1
DA:45,1
DA:46,1
DA:47,1
DA:48,5
DA:49,1
DA:50,1
DA:51,1
DA:52,1
DA:53,1
DA:54,1
DA:55,4
DA:56,2
DA:57,2
DA:58,2
DA:59,2
DA:60,2
DA:61,2
DA:62,2
DA:63,2
DA:64,2
DA:65,2
DA:66,2
DA:67,2
DA:68,2
DA:69,2
DA:70,2
DA:71,2
DA:76,6
DA:77,6
DA:78,6
DA:79,6
DA:80,0
DA:86,6
DA:87,4
DA:89,2
DA:94,6
DA:95,6
DA:97,6
DA:98,6
DA:99,6
DA:101,0
DA:102,0
DA:103,0
DA:105,6
DA:106,6
DA:109,0
DA:110,0
DA:111,0
DA:118,2
DA:119,0
DA:120,0
DA:121,0
DA:123,0
DA:124,0
DA:127,0
DA:128,0
DA:134,0
DA:135,0
DA:139,0
DA:140,0
DA:141,0
DA:142,0
DA:146,0
DA:151,0
DA:152,0
DA:153,0
DA:154,0
DA:158,0
DA:159,0
DA:163,6
DA:164,6
DA:165,6
DA:171,0
DA:176,0
DA:177,0
DA:182,0
DA:183,0
DA:184,0
DA:186,0
DA:191,0
DA:192,0
DA:193,0
DA:194,0
LF:97
LH:59
BRDA:32,0,0,6
BRDA:41,1,0,1
BRDA:41,1,1,5
BRDA:48,2,0,1
BRDA:48,2,1,4
BRDA:55,3,0,2
BRDA:55,3,1,2
BRDA:56,4,0,1
BRDA:56,4,1,1
BRDA:58,5,0,1
BRDA:58,5,1,1
BRDA:63,6,0,2
BRDA:64,7,0,1
BRDA:64,7,1,1
BRDA:66,8,0,1
BRDA:66,8,1,1
BRDA:77,9,0,6
BRDA:79,10,0,0
BRDA:86,11,0,4
BRDA:86,11,1,2
BRDA:86,12,0,6
BRDA:86,12,1,4
BRDA:93,13,0,6
BRDA:94,14,0,6
BRDA:97,15,0,6
BRDA:97,15,1,0
BRDA:163,16,0,6
BRDA:163,16,1,0
BRDA:176,17,0,0
BRDA:176,17,1,0
BRF:30
BRH:25
end_of_record
TN:
SF:src/app/shared/components/base/generic-list/generic-list.base.view-model.ts
FN:39,(anonymous_0)
FNF:1
FNH:1
FNDA:12,(anonymous_0)
DA:13,12
DA:14,12
DA:15,12
DA:16,12
DA:17,12
DA:18,12
DA:25,12
DA:27,12
DA:28,12
DA:29,12
DA:40,12
DA:43,12
DA:47,12
DA:52,12
DA:58,12
LF:15
LH:15
BRF:0
BRH:0
end_of_record
TN:
SF:src/app/shared/components/base/generic-one/generic-one.base.ts
FN:30,(anonymous_0)
FN:39,(anonymous_1)
FN:48,(anonymous_2)
FN:60,(anonymous_3)
FN:72,(anonymous_4)
FN:79,(anonymous_5)
FN:91,(anonymous_6)
FN:94,(anonymous_7)
FN:95,(anonymous_8)
FN:96,(anonymous_9)
FN:102,(anonymous_10)
FN:105,(anonymous_11)
FN:106,(anonymous_12)
FN:107,(anonymous_13)
FN:113,(anonymous_14)
FN:116,(anonymous_15)
FN:117,(anonymous_16)
FN:118,(anonymous_17)
FN:124,(anonymous_18)
FN:150,(anonymous_19)
FN:204,(anonymous_20)
FN:205,(anonymous_21)
FN:208,(anonymous_22)
FN:211,(anonymous_23)
FN:216,(anonymous_24)
FNF:25
FNH:0
FNDA:0,(anonymous_0)
FNDA:0,(anonymous_1)
FNDA:0,(anonymous_2)
FNDA:0,(anonymous_3)
FNDA:0,(anonymous_4)
FNDA:0,(anonymous_5)
FNDA:0,(anonymous_6)
FNDA:0,(anonymous_7)
FNDA:0,(anonymous_8)
FNDA:0,(anonymous_9)
FNDA:0,(anonymous_10)
FNDA:0,(anonymous_11)
FNDA:0,(anonymous_12)
FNDA:0,(anonymous_13)
FNDA:0,(anonymous_14)
FNDA:0,(anonymous_15)
FNDA:0,(anonymous_16)
FNDA:0,(anonymous_17)
FNDA:0,(anonymous_18)
FNDA:0,(anonymous_19)
FNDA:0,(anonymous_20)
FNDA:0,(anonymous_21)
FNDA:0,(anonymous_22)
FNDA:0,(anonymous_23)
FNDA:0,(anonymous_24)
DA:25,1
DA:28,0
DA:31,0
DA:32,0
DA:33,0
DA:34,0
DA:35,0
DA:36,0
DA:40,0
DA:41,0
DA:42,0
DA:43,0
DA:44,0
DA:49,0
DA:50,0
DA:51,0
DA:52,0
DA:53,0
DA:54,0
DA:55,0
DA:56,0
DA:61,0
DA:66,0
DA:67,0
DA:69,0
DA:71,0
DA:73,0
DA:74,0
DA:75,0
DA:76,0
DA:77,0
DA:80,0
DA:81,0
DA:92,0
DA:93,0
DA:94,0
DA:96,0
DA:97,0
DA:103,0
DA:104,0
DA:105,0
DA:107,0
DA:108,0
DA:114,0
DA:115,0
DA:116,0
DA:118,0
DA:119,0
DA:126,0
DA:127,0
DA:131,0
DA:133,0
DA:134,0
DA:144,0
DA:145,0
DA:147,0
DA:151,0
DA:152,0
DA:153,0
DA:159,0
DA:164,0
DA:171,0
DA:172,0
DA:181,0
DA:186,0
DA:192,0
DA:193,0
DA:205,0
DA:206,0
DA:208,0
DA:209,0
DA:211,0
DA:212,0
DA:217,0
LF:74
LH:1
BRDA:43,0,0,0
BRDA:49,1,0,0
BRDA:49,1,1,0
BRDA:53,2,0,0
BRDA:66,3,0,0
BRDA:66,3,1,0
BRDA:84,4,0,0
BRDA:84,4,1,0
BRDA:126,5,0,0
BRDA:126,5,1,0
BRDA:133,6,0,0
BRDA:133,6,1,0
BRDA:144,7,0,0
BRDA:151,8,0,0
BRDA:151,9,0,0
BRDA:151,9,1,0
BRDA:152,10,0,0
BRDA:152,11,0,0
BRDA:152,11,1,0
BRDA:159,12,0,0
BRDA:160,13,0,0
BRDA:160,13,1,0
BRDA:160,13,2,0
BRDA:171,14,0,0
BRDA:171,15,0,0
BRDA:171,15,1,0
BRDA:175,16,0,0
BRDA:175,16,1,0
BRDA:181,17,0,0
BRDA:182,18,0,0
BRDA:182,18,1,0
BRDA:182,18,2,0
BRDA:192,19,0,0
BRDA:192,20,0,0
BRDA:192,20,1,0
BRDA:197,21,0,0
BRDA:197,21,1,0
BRDA:197,22,0,0
BRDA:197,22,1,0
BRDA:205,23,0,0
BRDA:208,24,0,0
BRDA:211,25,0,0
BRF:42
BRH:0
end_of_record
TN:
SF:src/app/shared/components/base/generic-one/generic-one.base.view-model.ts
FN:18,(anonymous_0)
FNF:1
FNH:0
FNDA:0,(anonymous_0)
DA:10,0
DA:14,0
DA:15,0
DA:16,0
DA:19,0
DA:22,0
DA:27,0
LF:7
LH:0
BRF:0
BRH:0
end_of_record
TN:
SF:src/app/shared/components/base/media-one/media-one.base.ts
FN:23,(anonymous_0)
FN:32,(anonymous_1)
FN:41,(anonymous_2)
FN:45,(anonymous_3)
FN:49,(anonymous_4)
FN:59,(anonymous_5)
FN:76,(anonymous_6)
FN:80,(anonymous_7)
FNF:8
FNH:0
FNDA:0,(anonymous_0)
FNDA:0,(anonymous_1)
FNDA:0,(anonymous_2)
FNDA:0,(anonymous_3)
FNDA:0,(anonymous_4)
FNDA:0,(anonymous_5)
FNDA:0,(anonymous_6)
FNDA:0,(anonymous_7)
DA:18,1
DA:21,0
DA:22,0
DA:24,0
DA:25,0
DA:26,0
DA:27,0
DA:28,0
DA:29,0
DA:33,0
DA:34,0
DA:35,0
DA:36,0
DA:37,0
DA:38,0
DA:42,0
DA:46,0
DA:47,0
DA:50,0
DA:60,0
DA:61,0
DA:69,0
DA:70,0
DA:72,0
DA:77,0
DA:81,0
DA:82,0
DA:83,0
DA:89,0
LF:29
LH:1
BRDA:60,0,0,0
BRDA:69,1,0,0
BRDA:81,2,0,0
BRDA:81,2,1,0
BRF:4
BRH:0
end_of_record
TN:
SF:src/app/shared/components/events/add-search/admin-media-add-search.component.ts
FN:16,(anonymous_0)
FNF:1
FNH:0
FNDA:0,(anonymous_0)
DA:9,1
DA:12,0
DA:13,0
DA:14,0
DA:15,0
DA:16,0
DA:17,0
LF:7
LH:1
BRF:0
BRH:0
end_of_record
TN:
SF:src/app/shared/components/events/add-search-items/admin-media-add-search-items.component.ts
FN:16,(anonymous_0)
FN:21,(anonymous_1)
FN:25,(anonymous_2)
FN:29,(anonymous_3)
FN:31,(anonymous_4)
FN:34,(anonymous_5)
FNF:6
FNH:0
FNDA:0,(anonymous_0)
FNDA:0,(anonymous_1)
FNDA:0,(anonymous_2)
FNDA:0,(anonymous_3)
FNDA:0,(anonymous_4)
FNDA:0,(anonymous_5)
DA:11,1
DA:12,0
DA:14,0
DA:17,0
DA:18,0
DA:22,0
DA:26,0
DA:30,0
DA:31,0
DA:34,0
LF:10
LH:1
BRF:0
BRH:0
end_of_record
TN:
SF:src/app/shared/components/events/admin-events-scraping/admin-events-scraping.component.ts
FN:53,(anonymous_0)
FN:61,(anonymous_1)
FN:66,(anonymous_2)
FN:69,(anonymous_3)
FN:73,(anonymous_4)
FN:77,(anonymous_5)
FN:83,(anonymous_6)
FN:94,(anonymous_7)
FN:102,(anonymous_8)
FN:109,(anonymous_9)
FN:111,(anonymous_10)
FN:119,(anonymous_11)
FN:122,(anonymous_12)
FN:126,(anonymous_13)
FN:132,(anonymous_14)
FN:149,(anonymous_15)
FN:158,(anonymous_16)
FNF:17
FNH:0
FNDA:0,(anonymous_0)
FNDA:0,(anonymous_1)
FNDA:0,(anonymous_2)
FNDA:0,(anonymous_3)
FNDA:0,(anonymous_4)
FNDA:0,(anonymous_5)
FNDA:0,(anonymous_6)
FNDA:0,(anonymous_7)
FNDA:0,(anonymous_8)
FNDA:0,(anonymous_9)
FNDA:0,(anonymous_10)
FNDA:0,(anonymous_11)
FNDA:0,(anonymous_12)
FNDA:0,(anonymous_13)
FNDA:0,(anonymous_14)
FNDA:0,(anonymous_15)
FNDA:0,(anonymous_16)
DA:26,1
DA:27,0
DA:28,0
DA:29,0
DA:30,0
DA:38,0
DA:39,0
DA:46,0
DA:51,0
DA:52,0
DA:54,0
DA:55,0
DA:56,0
DA:57,0
DA:58,0
DA:62,0
DA:65,0
DA:67,0
DA:69,0
DA:74,0
DA:78,0
DA:82,0
DA:84,0
DA:85,0
DA:86,0
DA:88,0
DA:95,0
DA:101,0
DA:103,0
DA:108,0
DA:110,0
DA:111,0
DA:113,0
DA:114,0
DA:119,0
DA:122,0
DA:127,0
DA:131,0
DA:133,0
DA:134,0
DA:135,0
DA:143,0
DA:150,0
DA:157,0
DA:158,0
LF:45
LH:1
BRDA:84,0,0,0
BRDA:85,1,0,0
BRDA:133,2,0,0
BRDA:134,3,0,0
BRF:4
BRH:0
end_of_record
TN:
SF:src/app/shared/components/events/admin-events-scraping-site/admin-events-scraping-site.component.ts
FN:22,(anonymous_0)
FN:29,(anonymous_1)
FN:33,(anonymous_2)
FN:35,(anonymous_3)
FN:38,(anonymous_4)
FN:42,(anonymous_5)
FN:48,(anonymous_6)
FN:59,(anonymous_7)
FN:67,(anonymous_8)
FN:74,(anonymous_9)
FN:75,(anonymous_10)
FN:82,(anonymous_11)
FN:85,(anonymous_12)
FN:89,(anonymous_13)
FN:97,(anonymous_14)
FNF:15
FNH:0
FNDA:0,(anonymous_0)
FNDA:0,(anonymous_1)
FNDA:0,(anonymous_2)
FNDA:0,(anonymous_3)
FNDA:0,(anonymous_4)
FNDA:0,(anonymous_5)
FNDA:0,(anonymous_6)
FNDA:0,(anonymous_7)
FNDA:0,(anonymous_8)
FNDA:0,(anonymous_9)
FNDA:0,(anonymous_10)
FNDA:0,(anonymous_11)
FNDA:0,(anonymous_12)
FNDA:0,(anonymous_13)
FNDA:0,(anonymous_14)
DA:18,1
DA:21,0
DA:23,0
DA:24,0
DA:25,0
DA:26,0
DA:30,0
DA:34,0
DA:36,0
DA:38,0
DA:43,0
DA:47,0
DA:49,0
DA:50,0
DA:51,0
DA:53,0
DA:60,0
DA:66,0
DA:68,0
DA:73,0
DA:75,0
DA:76,0
DA:77,0
DA:82,0
DA:85,0
DA:90,0
DA:97,0
LF:27
LH:1
BRDA:49,0,0,0
BRDA:50,1,0,0
BRF:2
BRH:0
end_of_record
TN:
SF:src/app/shared/components/events/one/admin-media-one.component.ts
FN:56,(anonymous_0)
FN:65,(anonymous_1)
FN:69,(anonymous_2)
FN:73,(anonymous_3)
FN:82,(anonymous_4)
FN:83,(anonymous_5)
FN:87,(anonymous_6)
FN:88,(anonymous_7)
FN:96,(anonymous_8)
FN:105,(anonymous_9)
FN:117,(anonymous_10)
FN:124,(anonymous_11)
FN:128,(anonymous_12)
FN:129,(anonymous_13)
FN:139,(anonymous_14)
FN:143,(anonymous_15)
FN:151,(anonymous_16)
FN:165,(anonymous_17)
FN:169,(anonymous_18)
FN:174,(anonymous_19)
FN:177,(anonymous_20)
FN:179,(anonymous_21)
FN:186,(anonymous_22)
FN:193,(anonymous_23)
FN:195,(anonymous_24)
FN:197,(anonymous_25)
FN:204,(anonymous_26)
FN:208,(anonymous_27)
FN:215,(anonymous_28)
FN:222,(anonymous_29)
FN:226,(anonymous_30)
FNF:31
FNH:0
FNDA:0,(anonymous_0)
FNDA:0,(anonymous_1)
FNDA:0,(anonymous_2)
FNDA:0,(anonymous_3)
FNDA:0,(anonymous_4)
FNDA:0,(anonymous_5)
FNDA:0,(anonymous_6)
FNDA:0,(anonymous_7)
FNDA:0,(anonymous_8)
FNDA:0,(anonymous_9)
FNDA:0,(anonymous_10)
FNDA:0,(anonymous_11)
FNDA:0,(anonymous_12)
FNDA:0,(anonymous_13)
FNDA:0,(anonymous_14)
FNDA:0,(anonymous_15)
FNDA:0,(anonymous_16)
FNDA:0,(anonymous_17)
FNDA:0,(anonymous_18)
FNDA:0,(anonymous_19)
FNDA:0,(anonymous_20)
FNDA:0,(anonymous_21)
FNDA:0,(anonymous_22)
FNDA:0,(anonymous_23)
FNDA:0,(anonymous_24)
FNDA:0,(anonymous_25)
FNDA:0,(anonymous_26)
FNDA:0,(anonymous_27)
FNDA:0,(anonymous_28)
FNDA:0,(anonymous_29)
FNDA:0,(anonymous_30)
DA:26,1
DA:27,0
DA:28,0
DA:33,0
DA:34,0
DA:35,0
DA:39,0
DA:44,0
DA:45,0
DA:46,0
DA:47,0
DA:48,0
DA:49,0
DA:50,0
DA:51,0
DA:52,0
DA:53,0
DA:54,0
DA:57,0
DA:58,0
DA:59,0
DA:60,0
DA:61,0
DA:62,0
DA:66,0
DA:70,0
DA:74,0
DA:79,0
DA:80,0
DA:81,0
DA:82,0
DA:83,0
DA:86,0
DA:87,0
DA:88,0
DA:92,0
DA:97,0
DA:98,0
DA:106,0
DA:107,0
DA:108,0
DA:110,0
DA:114,0
DA:118,0
DA:119,0
DA:123,0
DA:125,0
DA:126,0
DA:127,0
DA:128,0
DA:130,0
DA:133,0
DA:140,0
DA:144,0
DA:145,0
DA:147,0
DA:152,0
DA:153,0
DA:158,0
DA:159,0
DA:161,0
DA:166,0
DA:167,0
DA:168,0
DA:169,0
DA:175,0
DA:176,0
DA:178,0
DA:179,0
DA:180,0
DA:181,0
DA:182,0
DA:187,0
DA:188,0
DA:194,0
DA:196,0
DA:197,0
DA:199,0
DA:204,0
DA:209,0
DA:214,0
DA:216,0
DA:217,0
DA:222,0
DA:227,0
LF:85
LH:1
BRDA:79,0,0,0
BRDA:79,0,1,0
BRDA:80,1,0,0
BRDA:80,1,1,0
BRDA:99,2,0,0
BRDA:99,2,1,0
BRDA:112,3,0,0
BRDA:112,3,1,0
BRDA:118,4,0,0
BRDA:118,4,1,0
BRDA:125,5,0,0
BRDA:126,6,0,0
BRDA:144,7,0,0
BRDA:144,7,1,0
BRDA:152,8,0,0
BRDA:152,8,1,0
BRDA:158,9,0,0
BRDA:158,9,1,0
BRDA:167,10,0,0
BRDA:167,11,0,0
BRDA:167,11,1,0
BRDA:178,12,0,0
BRF:22
BRH:0
end_of_record
TN:
SF:src/app/shared/components/map/map.component.ts
FN:28,(anonymous_0)
FN:34,(anonymous_1)
FN:40,(anonymous_2)
FN:66,(anonymous_3)
FN:87,(anonymous_4)
FN:90,(anonymous_5)
FN:100,(anonymous_6)
FN:101,(anonymous_7)
FN:108,(anonymous_8)
FNF:9
FNH:0
FNDA:0,(anonymous_0)
FNDA:0,(anonymous_1)
FNDA:0,(anonymous_2)
FNDA:0,(anonymous_3)
FNDA:0,(anonymous_4)
FNDA:0,(anonymous_5)
FNDA:0,(anonymous_6)
FNDA:0,(anonymous_7)
FNDA:0,(anonymous_8)
DA:16,1
DA:18,0
DA:19,0
DA:20,0
DA:21,0
DA:22,0
DA:23,0
DA:24,0
DA:26,0
DA:29,0
DA:31,0
DA:35,0
DA:36,0
DA:37,0
DA:42,0
DA:45,0
DA:46,0
DA:49,0
DA:56,0
DA:61,0
DA:63,0
DA:67,0
DA:72,0
DA:73,0
DA:74,0
DA:75,0
DA:77,0
DA:83,0
DA:88,0
DA:89,0
DA:90,0
DA:94,0
DA:96,0
DA:101,0
DA:102,0
DA:103,0
DA:110,0
DA:111,0
LF:38
LH:1
BRDA:42,0,0,0
BRDA:42,0,1,0
BRDA:46,1,0,0
BRDA:46,1,1,0
BRDA:73,2,0,0
BRDA:73,3,0,0
BRDA:73,3,1,0
BRDA:88,4,0,0
BRDA:102,5,0,0
BRDA:110,6,0,0
BRDA:110,6,1,0
BRF:11
BRH:0
end_of_record
TN:
SF:src/app/shared/components/one/admin-artist-one/admin-artist-one.component.ts
FN:42,(anonymous_0)
FN:51,(anonymous_1)
FN:54,(anonymous_2)
FN:58,(anonymous_3)
FN:65,(anonymous_4)
FN:66,(anonymous_5)
FN:73,(anonymous_6)
FN:87,(anonymous_7)
FN:94,(anonymous_8)
FN:100,(anonymous_9)
FN:121,(anonymous_10)
FN:125,(anonymous_11)
FN:129,(anonymous_12)
FN:133,(anonymous_13)
FN:147,(anonymous_14)
FN:151,(anonymous_15)
FN:156,(anonymous_16)
FN:159,(anonymous_17)
FN:161,(anonymous_18)
FN:168,(anonymous_19)
FN:175,(anonymous_20)
FN:177,(anonymous_21)
FN:179,(anonymous_22)
FN:186,(anonymous_23)
FN:190,(anonymous_24)
FN:197,(anonymous_25)
FN:204,(anonymous_26)
FN:208,(anonymous_27)
FN:217,(anonymous_28)
FN:218,(anonymous_29)
FN:222,(anonymous_30)
FN:223,(anonymous_31)
FN:231,(anonymous_32)
FN:236,(anonymous_33)
FN:241,(anonymous_34)
FN:247,(anonymous_35)
FN:253,(anonymous_36)
FN:257,(anonymous_37)
FN:258,(anonymous_38)
FN:268,(anonymous_39)
FNF:40
FNH:0
FNDA:0,(anonymous_0)
FNDA:0,(anonymous_1)
FNDA:0,(anonymous_2)
FNDA:0,(anonymous_3)
FNDA:0,(anonymous_4)
FNDA:0,(anonymous_5)
FNDA:0,(anonymous_6)
FNDA:0,(anonymous_7)
FNDA:0,(anonymous_8)
FNDA:0,(anonymous_9)
FNDA:0,(anonymous_10)
FNDA:0,(anonymous_11)
FNDA:0,(anonymous_12)
FNDA:0,(anonymous_13)
FNDA:0,(anonymous_14)
FNDA:0,(anonymous_15)
FNDA:0,(anonymous_16)
FNDA:0,(anonymous_17)
FNDA:0,(anonymous_18)
FNDA:0,(anonymous_19)
FNDA:0,(anonymous_20)
FNDA:0,(anonymous_21)
FNDA:0,(anonymous_22)
FNDA:0,(anonymous_23)
FNDA:0,(anonymous_24)
FNDA:0,(anonymous_25)
FNDA:0,(anonymous_26)
FNDA:0,(anonymous_27)
FNDA:0,(anonymous_28)
FNDA:0,(anonymous_29)
FNDA:0,(anonymous_30)
FNDA:0,(anonymous_31)
FNDA:0,(anonymous_32)
FNDA:0,(anonymous_33)
FNDA:0,(anonymous_34)
FNDA:0,(anonymous_35)
FNDA:0,(anonymous_36)
FNDA:0,(anonymous_37)
FNDA:0,(anonymous_38)
FNDA:0,(anonymous_39)
DA:28,1
DA:29,0
DA:30,0
DA:32,0
DA:33,0
DA:38,0
DA:39,0
DA:40,0
DA:41,0
DA:43,0
DA:44,0
DA:45,0
DA:46,0
DA:47,0
DA:48,0
DA:52,0
DA:53,0
DA:54,0
DA:59,0
DA:60,0
DA:64,0
DA:65,0
DA:67,0
DA:68,0
DA:74,0
DA:75,0
DA:76,0
DA:77,0
DA:79,0
DA:80,0
DA:81,0
DA:82,0
DA:84,0
DA:88,0
DA:89,0
DA:90,0
DA:91,0
DA:92,0
DA:93,0
DA:94,0
DA:101,0
DA:102,0
DA:104,0
DA:105,0
DA:107,0
DA:108,0
DA:110,0
DA:114,0
DA:116,0
DA:117,0
DA:122,0
DA:126,0
DA:130,0
DA:134,0
DA:135,0
DA:140,0
DA:141,0
DA:143,0
DA:148,0
DA:149,0
DA:150,0
DA:151,0
DA:157,0
DA:158,0
DA:160,0
DA:161,0
DA:162,0
DA:163,0
DA:164,0
DA:169,0
DA:170,0
DA:176,0
DA:178,0
DA:179,0
DA:181,0
DA:186,0
DA:191,0
DA:196,0
DA:198,0
DA:199,0
DA:204,0
DA:209,0
DA:214,0
DA:215,0
DA:216,0
DA:217,0
DA:218,0
DA:221,0
DA:222,0
DA:223,0
DA:227,0
DA:232,0
DA:233,0
DA:237,0
DA:238,0
DA:239,0
DA:241,0
DA:242,0
DA:243,0
DA:248,0
DA:252,0
DA:254,0
DA:255,0
DA:256,0
DA:257,0
DA:259,0
DA:262,0
DA:269,0
LF:108
LH:1
BRDA:76,0,0,0
BRDA:76,1,0,0
BRDA:76,1,1,0
BRDA:81,2,0,0
BRDA:88,3,0,0
BRDA:88,3,1,0
BRDA:88,4,0,0
BRDA:88,4,1,0
BRDA:90,5,0,0
BRDA:90,6,0,0
BRDA:90,6,1,0
BRDA:101,7,0,0
BRDA:101,8,0,0
BRDA:101,8,1,0
BRDA:104,9,0,0
BRDA:104,10,0,0
BRDA:104,10,1,0
BRDA:107,11,0,0
BRDA:107,12,0,0
BRDA:107,12,1,0
BRDA:110,13,0,0
BRDA:111,14,0,0
BRDA:111,14,1,0
BRDA:116,15,0,0
BRDA:116,16,0,0
BRDA:116,16,1,0
BRDA:134,17,0,0
BRDA:134,17,1,0
BRDA:140,18,0,0
BRDA:140,18,1,0
BRDA:149,19,0,0
BRDA:149,20,0,0
BRDA:149,20,1,0
BRDA:160,21,0,0
BRDA:214,22,0,0
BRDA:214,22,1,0
BRDA:215,23,0,0
BRDA:215,23,1,0
BRDA:254,24,0,0
BRDA:255,25,0,0
BRF:40
BRH:0
end_of_record
TN:
SF:src/app/shared/components/one/admin-event-one/admin-event-one.component.ts
FN:42,(anonymous_0)
FN:51,(anonymous_1)
FN:55,(anonymous_2)
FN:68,(anonymous_3)
FN:71,(anonymous_4)
FN:72,(anonymous_5)
FN:77,(anonymous_6)
FN:84,(anonymous_7)
FN:88,(anonymous_8)
FN:102,(anonymous_9)
FN:105,(anonymous_10)
FN:106,(anonymous_11)
FN:112,(anonymous_12)
FN:119,(anonymous_13)
FN:123,(anonymous_14)
FN:128,(anonymous_15)
FN:130,(anonymous_16)
FN:132,(anonymous_17)
FN:139,(anonymous_18)
FN:143,(anonymous_19)
FN:150,(anonymous_20)
FN:157,(anonymous_21)
FN:161,(anonymous_22)
FN:185,(anonymous_23)
FN:194,(anonymous_24)
FN:195,(anonymous_25)
FN:199,(anonymous_26)
FN:200,(anonymous_27)
FN:208,(anonymous_28)
FN:213,(anonymous_29)
FN:221,(anonymous_30)
FN:227,(anonymous_31)
FN:233,(anonymous_32)
FN:237,(anonymous_33)
FN:238,(anonymous_34)
FN:248,(anonymous_35)
FNF:36
FNH:0
FNDA:0,(anonymous_0)
FNDA:0,(anonymous_1)
FNDA:0,(anonymous_2)
FNDA:0,(anonymous_3)
FNDA:0,(anonymous_4)
FNDA:0,(anonymous_5)
FNDA:0,(anonymous_6)
FNDA:0,(anonymous_7)
FNDA:0,(anonymous_8)
FNDA:0,(anonymous_9)
FNDA:0,(anonymous_10)
FNDA:0,(anonymous_11)
FNDA:0,(anonymous_12)
FNDA:0,(anonymous_13)
FNDA:0,(anonymous_14)
FNDA:0,(anonymous_15)
FNDA:0,(anonymous_16)
FNDA:0,(anonymous_17)
FNDA:0,(anonymous_18)
FNDA:0,(anonymous_19)
FNDA:0,(anonymous_20)
FNDA:0,(anonymous_21)
FNDA:0,(anonymous_22)
FNDA:0,(anonymous_23)
FNDA:0,(anonymous_24)
FNDA:0,(anonymous_25)
FNDA:0,(anonymous_26)
FNDA:0,(anonymous_27)
FNDA:0,(anonymous_28)
FNDA:0,(anonymous_29)
FNDA:0,(anonymous_30)
FNDA:0,(anonymous_31)
FNDA:0,(anonymous_32)
FNDA:0,(anonymous_33)
FNDA:0,(anonymous_34)
FNDA:0,(anonymous_35)
DA:26,1
DA:27,0
DA:28,0
DA:29,0
DA:34,0
DA:38,0
DA:39,0
DA:40,0
DA:41,0
DA:43,0
DA:44,0
DA:45,0
DA:46,0
DA:47,0
DA:48,0
DA:52,0
DA:56,0
DA:57,0
DA:61,0
DA:62,0
DA:64,0
DA:69,0
DA:70,0
DA:72,0
DA:73,0
DA:74,0
DA:78,0
DA:79,0
DA:85,0
DA:89,0
DA:90,0
DA:95,0
DA:96,0
DA:98,0
DA:103,0
DA:104,0
DA:106,0
DA:107,0
DA:108,0
DA:109,0
DA:113,0
DA:114,0
DA:120,0
DA:121,0
DA:122,0
DA:123,0
DA:129,0
DA:131,0
DA:132,0
DA:134,0
DA:139,0
DA:144,0
DA:149,0
DA:151,0
DA:152,0
DA:157,0
DA:162,0
DA:163,0
DA:167,0
DA:168,0
DA:172,0
DA:173,0
DA:178,0
DA:186,0
DA:191,0
DA:192,0
DA:193,0
DA:194,0
DA:195,0
DA:198,0
DA:199,0
DA:200,0
DA:204,0
DA:209,0
DA:210,0
DA:214,0
DA:215,0
DA:216,0
DA:218,0
DA:219,0
DA:221,0
DA:222,0
DA:223,0
DA:228,0
DA:232,0
DA:234,0
DA:235,0
DA:236,0
DA:237,0
DA:239,0
DA:242,0
DA:249,0
LF:92
LH:1
BRDA:56,0,0,0
BRDA:56,0,1,0
BRDA:61,1,0,0
BRDA:61,1,1,0
BRDA:89,2,0,0
BRDA:89,2,1,0
BRDA:95,3,0,0
BRDA:95,3,1,0
BRDA:121,4,0,0
BRDA:121,5,0,0
BRDA:121,5,1,0
BRDA:162,6,0,0
BRDA:162,6,1,0
BRDA:167,7,0,0
BRDA:167,7,1,0
BRDA:172,8,0,0
BRDA:172,8,1,0
BRDA:172,9,0,0
BRDA:172,9,1,0
BRDA:191,10,0,0
BRDA:191,10,1,0
BRDA:192,11,0,0
BRDA:192,11,1,0
BRDA:234,12,0,0
BRDA:235,13,0,0
BRF:25
BRH:0
end_of_record
TN:
SF:src/app/shared/components/one/admin-site-one/admin-site-one.component.ts
FN:47,(anonymous_0)
FN:58,(anonymous_1)
FN:66,(anonymous_2)
FN:70,(anonymous_3)
FN:72,(anonymous_4)
FN:76,(anonymous_5)
FN:79,(anonymous_6)
FN:90,(anonymous_7)
FN:97,(anonymous_8)
FN:98,(anonymous_9)
FN:105,(anonymous_10)
FN:108,(anonymous_11)
FN:139,(anonymous_12)
FN:146,(anonymous_13)
FN:153,(anonymous_14)
FN:160,(anonymous_15)
FN:165,(anonymous_16)
FN:180,(anonymous_17)
FN:187,(anonymous_18)
FN:201,(anonymous_19)
FN:205,(anonymous_20)
FN:210,(anonymous_21)
FN:213,(anonymous_22)
FN:215,(anonymous_23)
FN:222,(anonymous_24)
FN:229,(anonymous_25)
FN:231,(anonymous_26)
FN:233,(anonymous_27)
FN:240,(anonymous_28)
FN:244,(anonymous_29)
FN:251,(anonymous_30)
FN:258,(anonymous_31)
FN:262,(anonymous_32)
FN:271,(anonymous_33)
FN:272,(anonymous_34)
FN:276,(anonymous_35)
FN:277,(anonymous_36)
FN:285,(anonymous_37)
FN:294,(anonymous_38)
FN:299,(anonymous_39)
FN:305,(anonymous_40)
FN:312,(anonymous_41)
FN:316,(anonymous_42)
FN:317,(anonymous_43)
FN:327,(anonymous_44)
FNF:45
FNH:0
FNDA:0,(anonymous_0)
FNDA:0,(anonymous_1)
FNDA:0,(anonymous_2)
FNDA:0,(anonymous_3)
FNDA:0,(anonymous_4)
FNDA:0,(anonymous_5)
FNDA:0,(anonymous_6)
FNDA:0,(anonymous_7)
FNDA:0,(anonymous_8)
FNDA:0,(anonymous_9)
FNDA:0,(anonymous_10)
FNDA:0,(anonymous_11)
FNDA:0,(anonymous_12)
FNDA:0,(anonymous_13)
FNDA:0,(anonymous_14)
FNDA:0,(anonymous_15)
FNDA:0,(anonymous_16)
FNDA:0,(anonymous_17)
FNDA:0,(anonymous_18)
FNDA:0,(anonymous_19)
FNDA:0,(anonymous_20)
FNDA:0,(anonymous_21)
FNDA:0,(anonymous_22)
FNDA:0,(anonymous_23)
FNDA:0,(anonymous_24)
FNDA:0,(anonymous_25)
FNDA:0,(anonymous_26)
FNDA:0,(anonymous_27)
FNDA:0,(anonymous_28)
FNDA:0,(anonymous_29)
FNDA:0,(anonymous_30)
FNDA:0,(anonymous_31)
FNDA:0,(anonymous_32)
FNDA:0,(anonymous_33)
FNDA:0,(anonymous_34)
FNDA:0,(anonymous_35)
FNDA:0,(anonymous_36)
FNDA:0,(anonymous_37)
FNDA:0,(anonymous_38)
FNDA:0,(anonymous_39)
FNDA:0,(anonymous_40)
FNDA:0,(anonymous_41)
FNDA:0,(anonymous_42)
FNDA:0,(anonymous_43)
FNDA:0,(anonymous_44)
DA:29,1
DA:30,0
DA:32,0
DA:33,0
DA:34,0
DA:39,0
DA:43,0
DA:44,0
DA:45,0
DA:46,0
DA:48,0
DA:49,0
DA:50,0
DA:51,0
DA:52,0
DA:53,0
DA:54,0
DA:55,0
DA:59,0
DA:60,0
DA:61,0
DA:62,0
DA:67,0
DA:71,0
DA:72,0
DA:77,0
DA:78,0
DA:79,0
DA:81,0
DA:83,0
DA:91,0
DA:92,0
DA:96,0
DA:97,0
DA:99,0
DA:100,0
DA:108,0
DA:109,0
DA:110,0
DA:111,0
DA:113,0
DA:114,0
DA:116,0
DA:117,0
DA:119,0
DA:120,0
DA:122,0
DA:123,0
DA:125,0
DA:126,0
DA:127,0
DA:129,0
DA:130,0
DA:134,0
DA:140,0
DA:141,0
DA:147,0
DA:148,0
DA:153,0
DA:156,0
DA:161,0
DA:162,0
DA:166,0
DA:167,0
DA:169,0
DA:170,0
DA:172,0
DA:173,0
DA:175,0
DA:180,0
DA:183,0
DA:188,0
DA:189,0
DA:194,0
DA:195,0
DA:197,0
DA:202,0
DA:203,0
DA:204,0
DA:205,0
DA:211,0
DA:212,0
DA:214,0
DA:215,0
DA:216,0
DA:217,0
DA:218,0
DA:223,0
DA:224,0
DA:230,0
DA:232,0
DA:233,0
DA:235,0
DA:240,0
DA:245,0
DA:250,0
DA:252,0
DA:253,0
DA:258,0
DA:263,0
DA:268,0
DA:269,0
DA:270,0
DA:271,0
DA:272,0
DA:275,0
DA:276,0
DA:277,0
DA:281,0
DA:286,0
DA:287,0
DA:295,0
DA:296,0
DA:297,0
DA:299,0
DA:300,0
DA:301,0
DA:306,0
DA:307,0
DA:311,0
DA:313,0
DA:314,0
DA:315,0
DA:316,0
DA:318,0
DA:321,0
DA:328,0
DA:329,0
DA:331,0
LF:129
LH:1
BRDA:61,0,0,0
BRDA:61,1,0,0
BRDA:61,1,1,0
BRDA:77,2,0,0
BRDA:77,2,1,0
BRDA:110,3,0,0
BRDA:113,4,0,0
BRDA:116,5,0,0
BRDA:119,6,0,0
BRDA:122,7,0,0
BRDA:140,8,0,0
BRDA:140,8,1,0
BRDA:140,9,0,0
BRDA:140,9,1,0
BRDA:161,10,0,0
BRDA:161,10,1,0
BRDA:166,11,0,0
BRDA:169,12,0,0
BRDA:172,13,0,0
BRDA:188,14,0,0
BRDA:188,14,1,0
BRDA:194,15,0,0
BRDA:194,15,1,0
BRDA:203,16,0,0
BRDA:203,17,0,0
BRDA:203,17,1,0
BRDA:214,18,0,0
BRDA:268,19,0,0
BRDA:268,19,1,0
BRDA:269,20,0,0
BRDA:269,20,1,0
BRDA:288,21,0,0
BRDA:288,21,1,0
BRDA:306,22,0,0
BRDA:306,22,1,0
BRDA:313,23,0,0
BRDA:314,24,0,0
BRDA:328,25,0,0
BRDA:328,25,1,0
BRF:39
BRH:0
end_of_record
TN:
SF:src/app/shared/components/ui/alert/alert.component.ts
FN:9,(anonymous_0)
FNF:1
FNH:1
FNDA:1,(anonymous_0)
DA:9,1
DA:13,1
LF:2
LH:2
BRF:0
BRH:0
end_of_record
TN:
SF:src/app/shared/components/ui/block-info-profile/block-info-profile.component.ts
FN:28,(anonymous_0)
FN:35,(anonymous_1)
FN:44,(anonymous_2)
FN:63,(anonymous_3)
FN:79,(anonymous_4)
FN:83,(anonymous_5)
FN:106,(anonymous_6)
FNF:7
FNH:0
FNDA:0,(anonymous_0)
FNDA:0,(anonymous_1)
FNDA:0,(anonymous_2)
FNDA:0,(anonymous_3)
FNDA:0,(anonymous_4)
FNDA:0,(anonymous_5)
FNDA:0,(anonymous_6)
DA:22,1
DA:24,0
DA:25,0
DA:26,0
DA:29,0
DA:30,0
DA:31,0
DA:32,0
DA:35,0
DA:36,0
DA:37,0
DA:45,0
DA:46,0
DA:47,0
DA:48,0
DA:49,0
DA:50,0
DA:51,0
DA:52,0
DA:53,0
DA:55,0
DA:60,0
DA:64,0
DA:65,0
DA:66,0
DA:72,0
DA:80,0
DA:84,0
DA:85,0
DA:90,0
DA:94,0
DA:96,0
DA:97,0
DA:102,0
DA:107,0
DA:112,0
LF:36
LH:1
BRDA:46,0,0,0
BRDA:46,0,1,0
BRDA:48,1,0,0
BRDA:48,1,1,0
BRDA:50,2,0,0
BRDA:50,2,1,0
BRDA:52,3,0,0
BRF:7
BRH:0
end_of_record
TN:
SF:src/app/shared/components/ui/block-info-profile/block-info-profile-address/block-info-profile-address.component.ts
FN:15,(anonymous_0)
FN:20,(anonymous_1)
FNF:2
FNH:2
FNDA:2,(anonymous_0)
FNDA:1,(anonymous_1)
DA:11,1
DA:13,2
DA:16,2
DA:17,2
DA:21,1
DA:22,1
DA:23,1
DA:29,1
LF:8
LH:8
BRF:0
BRH:0
end_of_record
TN:
SF:src/app/shared/components/ui/block-info-profile/block-info-profile-image/block-info-profile-image.component.ts
FN:16,(anonymous_0)
FN:21,(anonymous_1)
FN:31,(anonymous_2)
FNF:3
FNH:3
FNDA:5,(anonymous_0)
FNDA:8,(anonymous_1)
FNDA:1,(anonymous_2)
DA:11,1
DA:13,5
DA:17,5
DA:18,5
DA:22,8
DA:23,1
DA:24,7
DA:25,6
DA:26,1
DA:27,1
DA:32,1
DA:37,1
LF:12
LH:12
BRDA:22,0,0,1
BRDA:22,0,1,7
BRDA:24,1,0,6
BRDA:24,1,1,1
BRDA:24,2,0,7
BRDA:24,2,1,1
BRDA:26,3,0,1
BRF:7
BRH:7
end_of_record
TN:
SF:src/app/shared/components/ui/block-sharing-report/block-sharing-report.component.ts
FN:16,(anonymous_0)
FN:18,(anonymous_1)
FN:39,(anonymous_2)
FNF:3
FNH:0
FNDA:0,(anonymous_0)
FNDA:0,(anonymous_1)
FNDA:0,(anonymous_2)
DA:13,1
DA:16,0
DA:19,0
DA:20,0
DA:31,0
DA:33,0
DA:34,0
DA:40,0
LF:8
LH:1
BRDA:22,0,0,0
BRDA:22,0,1,0
BRDA:22,1,0,0
BRDA:22,1,1,0
BRDA:24,2,0,0
BRDA:24,2,1,0
BRDA:33,3,0,0
BRF:7
BRH:0
end_of_record
TN:
SF:src/app/shared/components/ui/block-social/block-social.component.ts
FN:13,(anonymous_0)
FN:15,(anonymous_1)
FNF:2
FNH:2
FNDA:2,(anonymous_0)
FNDA:1,(anonymous_1)
DA:9,1
DA:11,2
DA:13,2
DA:16,1
DA:21,1
LF:5
LH:5
BRF:0
BRH:0
end_of_record
TN:
SF:src/app/shared/components/ui/block-stats/block-stats.component.ts
FN:7,(anonymous_0)
FN:17,(anonymous_1)
FNF:2
FNH:2
FNDA:4,(anonymous_0)
FNDA:7,(anonymous_1)
DA:7,1
DA:15,4
DA:18,7
DA:19,1
DA:20,6
DA:21,1
DA:22,5
DA:23,1
DA:24,4
DA:25,0
DA:26,4
DA:27,0
LF:12
LH:10
BRDA:18,0,0,1
BRDA:18,0,1,6
BRDA:20,1,0,1
BRDA:20,1,1,5
BRDA:22,2,0,1
BRDA:22,2,1,4
BRDA:24,3,0,0
BRDA:24,3,1,4
BRDA:26,4,0,0
BRF:9
BRH:7
end_of_record
TN:
SF:src/app/shared/components/ui/filter-bar/filter-bar.component.ts
FN:36,(anonymous_0)
FN:38,(anonymous_1)
FN:42,(anonymous_2)
FN:44,(anonymous_3)
FN:45,(anonymous_4)
FN:48,(anonymous_5)
FN:50,(anonymous_6)
FN:64,(anonymous_7)
FN:65,(anonymous_8)
FN:78,(anonymous_9)
FNF:10
FNH:0
FNDA:0,(anonymous_0)
FNDA:0,(anonymous_1)
FNDA:0,(anonymous_2)
FNDA:0,(anonymous_3)
FNDA:0,(anonymous_4)
FNDA:0,(anonymous_5)
FNDA:0,(anonymous_6)
FNDA:0,(anonymous_7)
FNDA:0,(anonymous_8)
FNDA:0,(anonymous_9)
DA:13,1
DA:14,0
DA:30,0
DA:31,0
DA:32,0
DA:33,0
DA:34,0
DA:36,0
DA:39,0
DA:43,0
DA:44,0
DA:45,0
DA:49,0
DA:50,0
DA:51,0
DA:56,0
DA:57,0
DA:65,0
DA:66,0
DA:70,0
DA:71,0
DA:72,0
DA:73,0
DA:79,0
LF:24
LH:1
BRDA:49,0,0,0
BRDA:49,0,1,0
BRDA:56,1,0,0
BRDA:56,1,1,0
BRDA:70,2,0,0
BRF:5
BRH:0
end_of_record
TN:
SF:src/app/shared/components/ui/filter-bar/filter-bar.helper.ts
FNF:0
FNH:0
DA:1,1
LF:1
LH:1
BRF:0
BRH:0
end_of_record
TN:
SF:src/app/shared/components/ui/full-image/full-image.component.ts
FN:24,(anonymous_0)
FN:26,(anonymous_1)
FNF:2
FNH:1
FNDA:1,(anonymous_0)
FNDA:0,(anonymous_1)
DA:23,1
DA:24,1
DA:27,0
LF:3
LH:2
BRF:0
BRH:0
end_of_record
TN:
SF:src/app/shared/components/ui/header/header.component.ts
FN:9,(anonymous_0)
FNF:1
FNH:1
FNDA:7,(anonymous_0)
DA:9,1
DA:10,7
DA:11,7
DA:12,7
LF:4
LH:4
BRF:0
BRH:0
end_of_record
TN:
SF:src/app/shared/components/ui/images-edit-block/images-edit-block.component.ts
FN:8,(anonymous_0)
FNF:1
FNH:1
FNDA:1,(anonymous_0)
DA:8,1
DA:10,1
DA:11,1
DA:12,1
DA:13,1
LF:5
LH:5
BRF:0
BRH:0
end_of_record
TN:
SF:src/app/shared/components/ui/images-upload-url/images-upload-url.component.ts
FN:10,(anonymous_0)
FN:20,(anonymous_1)
FN:26,(anonymous_2)
FNF:3
FNH:0
FNDA:0,(anonymous_0)
FNDA:0,(anonymous_1)
FNDA:0,(anonymous_2)
DA:10,1
DA:11,0
DA:12,0
DA:14,0
DA:15,0
DA:16,0
DA:17,0
DA:21,0
DA:22,0
DA:23,0
DA:27,0
LF:11
LH:1
BRF:0
BRH:0
end_of_record
TN:
SF:src/app/shared/components/ui/last-artists/last-artists.component.ts
FN:10,(anonymous_0)
FNF:1
FNH:1
FNDA:1,(anonymous_0)
DA:10,1
DA:11,1
DA:12,1
DA:13,1
DA:14,1
LF:5
LH:5
BRF:0
BRH:0
end_of_record
TN:
SF:src/app/shared/components/ui/last-events/last-events.component.ts
FN:10,(anonymous_0)
FNF:1
FNH:1
FNDA:1,(anonymous_0)
DA:10,1
DA:12,1
DA:13,1
DA:14,1
LF:4
LH:4
BRF:0
BRH:0
end_of_record
TN:
SF:src/app/shared/components/ui/last-media/last-media.component.ts
FN:10,(anonymous_0)
FNF:1
FNH:1
FNDA:1,(anonymous_0)
DA:10,1
DA:13,1
DA:14,1
DA:15,1
DA:16,1
DA:17,1
DA:18,1
LF:7
LH:7
BRF:0
BRH:0
end_of_record
TN:
SF:src/app/shared/components/ui/last-media/last-media-item/last-media-item.component.ts
FN:8,(anonymous_0)
FN:15,(anonymous_1)
FNF:2
FNH:2
FNDA:2,(anonymous_0)
FNDA:2,(anonymous_1)
DA:8,1
DA:10,2
DA:11,2
DA:12,2
DA:13,2
DA:16,2
DA:17,2
DA:19,0
LF:8
LH:7
BRDA:16,0,0,2
BRDA:16,0,1,0
BRDA:17,1,0,2
BRDA:17,1,1,0
BRF:4
BRH:2
end_of_record
TN:
SF:src/app/shared/components/ui/last-media/last-media-items/last-media-items.component.ts
FN:14,(anonymous_0)
FN:16,(anonymous_1)
FNF:2
FNH:1
FNDA:1,(anonymous_0)
FNDA:0,(anonymous_1)
DA:12,1
DA:13,1
DA:14,1
DA:18,0
DA:21,0
LF:5
LH:3
BRDA:18,0,0,0
BRDA:18,0,1,0
BRF:2
BRH:0
end_of_record
TN:
SF:src/app/shared/components/ui/last-sites/last-sites.component.ts
FN:10,(anonymous_0)
FN:22,(anonymous_1)
FNF:2
FNH:2
FNDA:1,(anonymous_0)
FNDA:1,(anonymous_1)
DA:10,1
DA:11,1
DA:12,1
DA:13,1
DA:14,1
DA:15,1
DA:16,1
DA:23,1
LF:8
LH:8
BRDA:23,0,0,1
BRDA:23,0,1,0
BRF:2
BRH:1
end_of_record
TN:
SF:src/app/shared/components/ui/modal/modal.component.ts
FN:23,(anonymous_0)
FN:25,(anonymous_1)
FNF:2
FNH:1
FNDA:2,(anonymous_0)
FNDA:0,(anonymous_1)
DA:22,1
DA:23,2
DA:26,0
DA:27,0
DA:29,0
LF:5
LH:2
BRDA:26,0,0,0
BRDA:26,0,1,0
BRF:2
BRH:0
end_of_record
TN:
SF:src/app/shared/components/ui/navbar/navbar.component.ts
FN:34,(anonymous_0)
FN:41,(anonymous_1)
FN:46,(anonymous_2)
FN:51,(anonymous_3)
FN:67,(anonymous_4)
FN:82,(anonymous_5)
FN:89,(anonymous_6)
FN:92,(anonymous_7)
FN:95,(anonymous_8)
FN:104,(anonymous_9)
FN:112,(anonymous_10)
FN:133,(anonymous_11)
FN:156,(anonymous_12)
FN:168,(anonymous_13)
FN:173,(anonymous_14)
FN:180,(anonymous_15)
FN:190,(anonymous_16)
FN:198,(anonymous_17)
FNF:18
FNH:6
FNDA:1,(anonymous_0)
FNDA:1,(anonymous_1)
FNDA:0,(anonymous_2)
FNDA:1,(anonymous_3)
FNDA:1,(anonymous_4)
FNDA:1,(anonymous_5)
FNDA:1,(anonymous_6)
FNDA:0,(anonymous_7)
FNDA:0,(anonymous_8)
FNDA:0,(anonymous_9)
FNDA:0,(anonymous_10)
FNDA:0,(anonymous_11)
FNDA:0,(anonymous_12)
FNDA:0,(anonymous_13)
FNDA:0,(anonymous_14)
FNDA:0,(anonymous_15)
FNDA:0,(anonymous_16)
FNDA:0,(anonymous_17)
DA:16,1
DA:18,1
DA:19,1
DA:20,1
DA:21,1
DA:22,1
DA:23,1
DA:25,1
DA:26,1
DA:27,1
DA:28,1
DA:29,1
DA:35,1
DA:36,1
DA:37,1
DA:38,1
DA:42,1
DA:43,1
DA:44,1
DA:45,1
DA:46,1
DA:47,0
DA:52,1
DA:61,1
DA:68,1
DA:83,1
DA:90,1
DA:92,0
DA:96,0
DA:97,0
DA:99,0
DA:100,0
DA:105,0
DA:106,0
DA:108,0
DA:113,0
DA:114,0
DA:115,0
DA:116,0
DA:117,0
DA:118,0
DA:119,0
DA:120,0
DA:121,0
DA:122,0
DA:123,0
DA:124,0
DA:125,0
DA:126,0
DA:127,0
DA:128,0
DA:134,0
DA:135,0
DA:136,0
DA:137,0
DA:138,0
DA:139,0
DA:140,0
DA:141,0
DA:142,0
DA:143,0
DA:144,0
DA:145,0
DA:146,0
DA:147,0
DA:148,0
DA:149,0
DA:150,0
DA:151,0
DA:157,0
DA:158,0
DA:160,0
DA:161,0
DA:163,0
DA:169,0
DA:170,0
DA:174,0
DA:175,0
DA:176,0
DA:181,0
DA:182,0
DA:183,0
DA:184,0
DA:185,0
DA:186,0
DA:191,0
DA:192,0
DA:194,0
DA:199,0
DA:200,0
DA:201,0
DA:202,0
DA:204,0
DA:205,0
DA:206,0
LF:95
LH:26
BRDA:98,0,0,0
BRDA:98,0,1,0
BRDA:105,1,0,0
BRDA:105,1,1,0
BRDA:116,2,0,0
BRDA:117,3,0,0
BRDA:117,3,1,0
BRDA:119,4,0,0
BRDA:119,4,1,0
BRDA:121,5,0,0
BRDA:121,5,1,0
BRDA:123,6,0,0
BRDA:123,6,1,0
BRDA:125,7,0,0
BRDA:125,7,1,0
BRDA:127,8,0,0
BRDA:137,9,0,0
BRDA:138,10,0,0
BRDA:138,10,1,0
BRDA:140,11,0,0
BRDA:140,11,1,0
BRDA:142,12,0,0
BRDA:142,12,1,0
BRDA:144,13,0,0
BRDA:144,13,1,0
BRDA:146,14,0,0
BRDA:146,14,1,0
BRDA:148,15,0,0
BRDA:148,15,1,0
BRDA:150,16,0,0
BRDA:157,17,0,0
BRDA:157,17,1,0
BRDA:160,18,0,0
BRDA:160,18,1,0
BRDA:175,19,0,0
BRDA:182,20,0,0
BRDA:182,20,1,0
BRDA:184,21,0,0
BRDA:191,22,0,0
BRDA:191,22,1,0
BRDA:199,23,0,0
BRDA:199,23,1,0
BRF:42
BRH:0
end_of_record
TN:
SF:src/app/shared/components/ui/navbar/navbar-mobile-menu/navbar-mobile-menu.component.ts
FN:10,(anonymous_0)
FNF:1
FNH:1
FNDA:1,(anonymous_0)
DA:10,1
DA:11,1
DA:12,1
DA:13,1
DA:14,1
DA:15,1
LF:6
LH:6
BRF:0
BRH:0
end_of_record
TN:
SF:src/app/shared/components/ui/navbar/navbar-normal-menu/navbar-normal-menu.component.ts
FN:11,(anonymous_0)
FN:26,(anonymous_1)
FN:31,(anonymous_2)
FN:36,(anonymous_3)
FNF:4
FNH:2
FNDA:1,(anonymous_0)
FNDA:0,(anonymous_1)
FNDA:1,(anonymous_2)
FNDA:0,(anonymous_3)
DA:11,1
DA:12,1
DA:13,1
DA:14,1
DA:15,1
DA:16,1
DA:17,1
DA:20,1
DA:21,1
DA:22,1
DA:24,1
DA:27,0
DA:28,0
DA:32,1
DA:33,1
DA:37,0
LF:16
LH:13
BRF:0
BRH:0
end_of_record
TN:
SF:src/app/shared/components/ui/options-items/options-items.component.ts
FN:8,(anonymous_0)
FNF:1
FNH:0
FNDA:0,(anonymous_0)
DA:8,1
DA:9,0
DA:10,0
LF:3
LH:1
BRF:0
BRH:0
end_of_record
TN:
SF:src/app/shared/components/ui/search-bar/search-bar.component.ts
FN:9,(anonymous_0)
FN:18,(anonymous_1)
FN:24,(anonymous_2)
FNF:3
FNH:1
FNDA:1,(anonymous_0)
FNDA:0,(anonymous_1)
FNDA:0,(anonymous_2)
DA:9,1
DA:11,1
DA:12,1
DA:13,1
DA:14,1
DA:15,1
DA:16,1
DA:19,0
DA:20,0
DA:25,0
DA:29,0
LF:11
LH:7
BRDA:19,0,0,0
BRF:1
BRH:0
end_of_record
TN:
SF:src/app/shared/components/ui/search-input/search-input.component.ts
FN:25,(anonymous_0)
FN:31,(anonymous_1)
FN:35,(anonymous_2)
FN:48,(anonymous_3)
FN:52,(anonymous_4)
FN:62,(anonymous_5)
FN:63,(anonymous_6)
FN:75,(anonymous_7)
FN:83,(anonymous_8)
FN:95,(anonymous_9)
FN:98,(anonymous_10)
FN:102,(anonymous_11)
FNF:12
FNH:0
FNDA:0,(anonymous_0)
FNDA:0,(anonymous_1)
FNDA:0,(anonymous_2)
FNDA:0,(anonymous_3)
FNDA:0,(anonymous_4)
FNDA:0,(anonymous_5)
FNDA:0,(anonymous_6)
FNDA:0,(anonymous_7)
FNDA:0,(anonymous_8)
FNDA:0,(anonymous_9)
FNDA:0,(anonymous_10)
FNDA:0,(anonymous_11)
DA:11,1
DA:14,0
DA:15,0
DA:16,0
DA:22,0
DA:23,0
DA:24,0
DA:26,0
DA:27,0
DA:28,0
DA:32,0
DA:36,0
DA:37,0
DA:38,0
DA:39,0
DA:40,0
DA:41,0
DA:42,0
DA:43,0
DA:44,0
DA:49,0
DA:53,0
DA:54,0
DA:56,0
DA:57,0
DA:59,0
DA:61,0
DA:62,0
DA:64,0
DA:66,0
DA:68,0
DA:76,0
DA:77,0
DA:78,0
DA:79,0
DA:84,0
DA:85,0
DA:86,0
DA:87,0
DA:88,0
DA:89,0
DA:91,0
DA:92,0
DA:96,0
DA:97,0
DA:98,0
DA:100,0
DA:101,0
DA:102,0
DA:104,0
DA:105,0
LF:51
LH:1
BRDA:36,0,0,0
BRDA:36,0,1,0
BRDA:39,1,0,0
BRDA:39,1,1,0
BRDA:42,2,0,0
BRDA:53,3,0,0
BRDA:53,3,1,0
BRDA:53,4,0,0
BRDA:53,4,1,0
BRDA:56,5,0,0
BRDA:56,5,1,0
BRDA:76,6,0,0
BRDA:76,6,1,0
BRDA:78,7,0,0
BRDA:84,8,0,0
BRDA:84,8,1,0
BRDA:86,9,0,0
BRDA:86,9,1,0
BRDA:88,10,0,0
BRDA:96,11,0,0
BRDA:96,11,1,0
BRDA:100,12,0,0
BRDA:100,12,1,0
BRDA:104,13,0,0
BRF:24
BRH:0
end_of_record
TN:
SF:src/app/shared/components/ui/social-inputs/social-inputs.component.ts
FN:15,(anonymous_0)
FN:20,(anonymous_1)
FN:24,(anonymous_2)
FN:36,(anonymous_3)
FN:40,(anonymous_4)
FN:42,(anonymous_5)
FN:54,(anonymous_6)
FN:58,(anonymous_7)
FN:63,(anonymous_8)
FNF:9
FNH:0
FNDA:0,(anonymous_0)
FNDA:0,(anonymous_1)
FNDA:0,(anonymous_2)
FNDA:0,(anonymous_3)
FNDA:0,(anonymous_4)
FNDA:0,(anonymous_5)
FNDA:0,(anonymous_6)
FNDA:0,(anonymous_7)
FNDA:0,(anonymous_8)
DA:10,1
DA:13,0
DA:14,0
DA:16,0
DA:17,0
DA:21,0
DA:25,0
DA:26,0
DA:27,0
DA:28,0
DA:30,0
DA:36,0
DA:41,0
DA:43,0
DA:44,0
DA:45,0
DA:46,0
DA:48,0
DA:54,0
DA:59,0
DA:60,0
DA:64,0
DA:65,0
LF:23
LH:1
BRDA:25,0,0,0
BRDA:25,0,1,0
BRDA:27,1,0,0
BRDA:27,1,1,0
BRDA:43,2,0,0
BRDA:43,2,1,0
BRDA:45,3,0,0
BRDA:45,3,1,0
BRF:8
BRH:0
end_of_record
TN:
SF:src/app/shared/components/ui/tabs/tabs.component.ts
FN:52,(anonymous_0)
FN:54,(anonymous_1)
FN:56,(anonymous_2)
FN:66,(anonymous_3)
FN:67,(anonymous_4)
FN:71,(anonymous_5)
FN:88,(anonymous_6)
FN:97,(anonymous_7)
FNF:8
FNH:7
FNDA:7,(anonymous_0)
FNDA:7,(anonymous_1)
FNDA:7,(anonymous_2)
FNDA:7,(anonymous_3)
FNDA:105,(anonymous_4)
FNDA:0,(anonymous_5)
FNDA:7,(anonymous_6)
FNDA:3,(anonymous_7)
DA:27,1
DA:28,7
DA:44,7
DA:45,7
DA:46,7
DA:47,7
DA:48,7
DA:49,7
DA:50,7
DA:51,7
DA:52,7
DA:55,7
DA:56,7
DA:57,7
DA:58,7
DA:59,0
DA:60,7
DA:61,7
DA:67,105
DA:68,7
DA:72,0
DA:73,0
DA:74,0
DA:75,0
DA:76,0
DA:77,0
DA:78,0
DA:79,0
DA:80,0
DA:82,0
DA:83,0
DA:84,0
DA:89,7
DA:90,3
DA:91,3
DA:92,3
DA:94,7
DA:98,3
DA:99,12
DA:100,10
LF:40
LH:27
BRDA:58,0,0,0
BRDA:58,0,1,7
BRDA:60,1,0,7
BRDA:72,2,0,0
BRDA:72,2,1,0
BRDA:75,3,0,0
BRDA:75,3,1,0
BRDA:78,4,0,0
BRDA:78,4,1,0
BRDA:89,5,0,3
BRDA:99,6,0,10
BRF:11
BRH:4
end_of_record
TN:
SF:src/app/shared/components/ui/tabs/tabs.helper.ts
FNF:0
FNH:0
DA:3,1
DA:28,1
LF:2
LH:2
BRF:0
BRH:0
end_of_record
TN:
SF:src/app/shared/components/ui/tabs/tabs.model.ts
FN:8,(anonymous_0)
FNF:1
FNH:1
FNDA:53,(anonymous_0)
DA:2,53
DA:3,53
DA:4,53
DA:5,53
DA:6,53
DA:9,53
DA:10,53
DA:11,160
DA:12,160
LF:9
LH:9
BRDA:9,0,0,53
BRDA:11,1,0,160
BRF:2
BRH:2
end_of_record
TN:
SF:src/app/shared/components/ui/toast/toast.component.ts
FN:23,(anonymous_0)
FN:25,(anonymous_1)
FNF:2
FNH:1
FNDA:2,(anonymous_0)
FNDA:0,(anonymous_1)
DA:22,1
DA:23,2
DA:26,0
LF:3
LH:2
BRF:0
BRH:0
end_of_record
TN:
SF:src/app/shared/components/ui/youtube/video-youtube.component.ts
FN:23,(anonymous_0)
FN:37,(anonymous_1)
FN:25,(anonymous_2)
FN:32,(anonymous_3)
FN:45,(anonymous_4)
FNF:5
FNH:0
FNDA:0,(anonymous_0)
FNDA:0,(anonymous_1)
FNDA:0,(anonymous_2)
FNDA:0,(anonymous_3)
FNDA:0,(anonymous_4)
DA:16,1
DA:23,0
DA:26,0
DA:27,0
DA:28,0
DA:29,0
DA:33,0
DA:34,0
DA:37,0
DA:38,0
DA:42,0
DA:46,0
LF:12
LH:1
BRF:0
BRH:0
end_of_record
TN:
SF:src/app/shared/components/views/gallery/generic-view-gallery/generic-view-gallery.component.ts
FN:10,(anonymous_0)
FN:26,(anonymous_1)
FNF:2
FNH:1
FNDA:1,(anonymous_0)
FNDA:0,(anonymous_1)
DA:10,1
DA:11,1
DA:12,1
DA:20,1
DA:21,1
DA:22,1
DA:23,1
DA:24,1
DA:27,0
DA:29,0
DA:31,0
DA:33,0
DA:35,0
DA:37,0
DA:39,0
DA:41,0
DA:43,0
LF:17
LH:8
BRDA:27,0,0,0
BRDA:27,0,1,0
BRDA:27,0,2,0
BRDA:27,0,3,0
BRDA:27,0,4,0
BRDA:27,0,5,0
BRDA:27,0,6,0
BRDA:27,0,7,0
BRF:8
BRH:0
end_of_record
TN:
SF:src/app/shared/components/views/gallery/generic-view-gallery-items/generic-view-gallery-items.component.ts
FN:10,(anonymous_0)
FNF:1
FNH:1
FNDA:1,(anonymous_0)
DA:10,1
DA:11,1
DA:12,1
DA:21,1
DA:22,1
LF:5
LH:5
BRF:0
BRH:0
end_of_record
TN:
SF:src/app/shared/components/views/last-multi/last-multi/last-multi.component.ts
FN:11,(anonymous_0)
FN:20,(anonymous_1)
FNF:2
FNH:2
FNDA:1,(anonymous_0)
FNDA:1,(anonymous_1)
DA:11,1
DA:12,1
DA:14,1
DA:15,1
DA:16,1
DA:17,1
DA:18,1
DA:21,1
LF:8
LH:8
BRDA:21,0,0,0
BRDA:21,0,1,1
BRF:2
BRH:1
end_of_record
TN:
SF:src/app/shared/components/views/last-multi/last-multi-items/last-multi-items.component.ts
FN:18,(anonymous_0)
FN:20,(anonymous_1)
FN:31,(anonymous_2)
FN:41,(anonymous_3)
FNF:4
FNH:3
FNDA:6,(anonymous_0)
FNDA:9,(anonymous_1)
FNDA:2,(anonymous_2)
FNDA:0,(anonymous_3)
DA:13,1
DA:16,6
DA:18,6
DA:21,9
DA:22,1
DA:24,9
DA:25,1
DA:26,8
DA:27,1
DA:32,2
DA:33,2
DA:34,1
DA:35,1
DA:36,1
DA:38,2
DA:42,0
LF:16
LH:15
BRDA:21,0,0,1
BRDA:24,1,0,1
BRDA:24,1,1,8
BRDA:26,2,0,1
BRDA:33,3,0,1
BRDA:33,3,1,1
BRDA:35,4,0,1
BRF:7
BRH:7
end_of_record
TN:
SF:src/app/shared/components/views/list/artists-view-list/artists-view-list.component.ts
FN:20,(anonymous_0)
FN:22,(anonymous_1)
FN:26,(anonymous_2)
FNF:3
FNH:1
FNDA:1,(anonymous_0)
FNDA:0,(anonymous_1)
FNDA:0,(anonymous_2)
DA:13,1
DA:14,1
DA:15,1
DA:16,1
DA:17,1
DA:18,1
DA:19,1
DA:20,1
DA:23,0
DA:27,0
LF:10
LH:8
BRF:0
BRH:0
end_of_record
TN:
SF:src/app/shared/components/views/list/events-view-list/events-view-list.component.ts
FN:20,(anonymous_0)
FN:22,(anonymous_1)
FNF:2
FNH:1
FNDA:1,(anonymous_0)
FNDA:0,(anonymous_1)
DA:13,1
DA:14,1
DA:15,1
DA:16,1
DA:17,1
DA:18,1
DA:19,1
DA:20,1
DA:23,0
LF:9
LH:8
BRF:0
BRH:0
end_of_record
TN:
SF:src/app/shared/components/views/list/images-view-list/images-view-list.component.ts
FN:20,(anonymous_0)
FN:22,(anonymous_1)
FN:26,(anonymous_2)
FNF:3
FNH:1
FNDA:1,(anonymous_0)
FNDA:0,(anonymous_1)
FNDA:0,(anonymous_2)
DA:13,1
DA:14,1
DA:15,1
DA:16,1
DA:17,1
DA:18,1
DA:19,1
DA:20,1
DA:23,0
DA:27,0
LF:10
LH:8
BRF:0
BRH:0
end_of_record
TN:
SF:src/app/shared/components/views/list/media-list-view/media-view-list.component.ts
FN:21,(anonymous_0)
FN:23,(anonymous_1)
FN:27,(anonymous_2)
FNF:3
FNH:1
FNDA:1,(anonymous_0)
FNDA:0,(anonymous_1)
FNDA:0,(anonymous_2)
DA:14,1
DA:15,1
DA:16,1
DA:17,1
DA:18,1
DA:19,1
DA:20,1
DA:21,1
DA:24,0
DA:28,0
LF:10
LH:8
BRF:0
BRH:0
end_of_record
TN:
SF:src/app/shared/components/views/list/sites-view-list/sites-view-list.component.ts
FN:21,(anonymous_0)
FN:23,(anonymous_1)
FN:27,(anonymous_2)
FNF:3
FNH:1
FNDA:1,(anonymous_0)
FNDA:0,(anonymous_1)
FNDA:0,(anonymous_2)
DA:13,1
DA:14,1
DA:15,1
DA:16,1
DA:17,1
DA:18,1
DA:19,1
DA:20,1
DA:21,1
DA:24,0
DA:28,0
LF:11
LH:9
BRF:0
BRH:0
end_of_record
TN:
SF:src/app/shared/components/views/list/users-view-list/users-view-list.component.ts
FN:19,(anonymous_0)
FN:21,(anonymous_1)
FNF:2
FNH:1
FNDA:1,(anonymous_0)
FNDA:0,(anonymous_1)
DA:12,1
DA:13,1
DA:14,1
DA:15,1
DA:16,1
DA:17,1
DA:19,1
DA:22,0
LF:8
LH:7
BRF:0
BRH:0
end_of_record
TN:
SF:src/app/shared/directives/image-error.directive.ts
FN:7,(anonymous_0)
FN:10,(anonymous_1)
FNF:2
FNH:1
FNDA:6,(anonymous_0)
FNDA:0,(anonymous_1)
DA:6,1
DA:7,6
DA:11,0
LF:3
LH:2
BRF:0
BRH:0
end_of_record
TN:
SF:src/app/shared/models/artist.model.ts
FN:29,(anonymous_0)
FNF:1
FNH:1
FNDA:6,(anonymous_0)
DA:5,6
DA:7,6
DA:8,6
DA:9,6
DA:10,6
DA:11,6
DA:13,6
DA:30,6
DA:31,0
DA:32,0
DA:33,0
LF:11
LH:8
BRDA:30,0,0,0
BRDA:32,1,0,0
BRF:2
BRH:0
end_of_record
TN:
SF:src/app/shared/models/event.model.ts
FN:15,(anonymous_0)
FNF:1
FNH:1
FNDA:1,(anonymous_0)
DA:5,1
DA:7,1
DA:8,1
DA:9,1
DA:11,1
DA:16,1
DA:17,0
DA:18,0
DA:19,0
LF:9
LH:6
BRDA:16,0,0,0
BRDA:18,1,0,0
BRF:2
BRH:0
end_of_record
TN:
SF:src/app/shared/models/image.model.ts
FN:16,(anonymous_0)
FNF:1
FNH:1
FNDA:4,(anonymous_0)
DA:17,4
DA:18,1
DA:19,2
DA:20,2
LF:4
LH:4
BRDA:17,0,0,1
BRDA:19,1,0,2
BRF:2
BRH:2
end_of_record
TN:
SF:src/app/shared/models/media.model.ts
FN:19,(anonymous_0)
FNF:1
FNH:1
FNDA:2,(anonymous_0)
DA:5,2
DA:6,2
DA:7,2
DA:8,2
DA:10,2
DA:11,2
DA:12,2
DA:13,2
DA:14,2
DA:15,2
DA:20,2
DA:21,0
DA:22,0
DA:23,0
LF:14
LH:11
BRDA:20,0,0,0
BRDA:22,1,0,0
BRF:2
BRH:0
end_of_record
TN:
SF:src/app/shared/models/menu.model.ts
FN:8,(anonymous_0)
FNF:1
FNH:0
FNDA:0,(anonymous_0)
DA:3,0
DA:4,0
DA:5,0
DA:9,0
DA:10,0
DA:11,0
DA:12,0
LF:7
LH:0
BRDA:10,0,0,0
BRDA:10,0,1,0
BRDA:11,1,0,0
BRDA:11,1,1,0
BRDA:12,2,0,0
BRDA:12,2,1,0
BRF:6
BRH:0
end_of_record
TN:
SF:src/app/shared/models/site.model.ts
FN:32,(anonymous_0)
FNF:1
FNH:1
FNDA:7,(anonymous_0)
DA:5,7
DA:6,7
DA:15,7
DA:16,7
DA:18,7
DA:33,7
DA:34,0
DA:35,0
DA:36,0
LF:9
LH:6
BRDA:33,0,0,0
BRDA:35,1,0,0
BRF:2
BRH:0
end_of_record
TN:
SF:src/app/shared/models/style.model.ts
FN:13,(anonymous_0)
FNF:1
FNH:0
FNDA:0,(anonymous_0)
DA:3,0
DA:4,0
DA:5,0
DA:14,0
DA:15,0
DA:16,0
DA:17,0
LF:7
LH:0
BRDA:14,0,0,0
BRDA:16,1,0,0
BRF:2
BRH:0
end_of_record
TN:
SF:src/app/shared/models/user.model.ts
FN:13,(anonymous_0)
FNF:1
FNH:1
FNDA:1,(anonymous_0)
DA:14,1
DA:15,0
DA:16,0
DA:17,0
LF:4
LH:1
BRDA:14,0,0,0
BRDA:16,1,0,0
BRF:2
BRH:0
end_of_record
TN:
SF:src/app/shared/models/youtube.model.ts
FN:11,(anonymous_0)
FNF:1
FNH:0
FNDA:0,(anonymous_0)
DA:2,0
DA:3,0
DA:7,0
DA:8,0
DA:9,0
DA:12,0
DA:13,0
DA:14,0
DA:15,0
LF:9
LH:0
BRDA:12,0,0,0
BRDA:14,1,0,0
BRF:2
BRH:0
end_of_record
TN:
SF:src/app/shared/pipes/country-flag/country-flag.pipe.ts
FN:8,(anonymous_0)
FNF:1
FNH:1
FNDA:3,(anonymous_0)
DA:7,1
DA:9,3
LF:2
LH:2
BRF:0
BRH:0
end_of_record
TN:
SF:src/app/shared/pipes/country-name/country-name.pipe.ts
FN:8,(anonymous_0)
FN:9,(anonymous_1)
FNF:2
FNH:2
FNDA:3,(anonymous_0)
FNDA:171,(anonymous_1)
DA:7,1
DA:9,171
LF:2
LH:2
BRDA:9,0,0,3
BRDA:9,0,1,0
BRF:2
BRH:1
end_of_record
TN:
SF:src/app/shared/pipes/date-format/date-format.pipe.ts
FN:7,(anonymous_0)
FNF:1
FNH:1
FNDA:2,(anonymous_0)
DA:6,1
DA:8,2
LF:2
LH:2
BRF:0
BRH:0
end_of_record
TN:
SF:src/app/shared/pipes/date-to-day-or-month/date-to-day-or-month.pipe.ts
FN:8,(anonymous_0)
FNF:1
FNH:1
FNDA:2,(anonymous_0)
DA:7,1
DA:9,2
LF:2
LH:2
BRDA:8,0,0,0
BRDA:9,1,0,1
BRDA:9,1,1,1
BRF:3
BRH:2
end_of_record
TN:
SF:src/app/shared/pipes/filter-array/filter-array.pipe.ts
FN:7,(anonymous_0)
FN:8,(anonymous_1)
FNF:2
FNH:2
FNDA:15,(anonymous_0)
FNDA:60,(anonymous_1)
DA:6,1
DA:8,60
LF:2
LH:2
BRF:0
BRH:0
end_of_record
TN:
SF:src/app/shared/pipes/first-letter-case/fist-letter-case.pipe.ts
FN:8,(anonymous_0)
FNF:1
FNH:1
FNDA:1,(anonymous_0)
DA:7,1
DA:9,1
LF:2
LH:2
BRF:0
BRH:0
end_of_record
TN:
SF:src/app/shared/pipes/fix-state/fix-state.pipe.ts
FN:7,(anonymous_0)
FNF:1
FNH:0
FNDA:0,(anonymous_0)
DA:6,1
DA:8,0
DA:9,0
DA:11,0
LF:4
LH:1
BRDA:8,0,0,0
BRDA:8,0,1,0
BRF:2
BRH:0
end_of_record
TN:
SF:src/app/shared/pipes/image/image.pipe.ts
FN:9,(anonymous_0)
FNF:1
FNH:1
FNDA:1,(anonymous_0)
DA:8,1
DA:10,1
DA:11,1
DA:13,0
LF:4
LH:3
BRDA:10,0,0,1
BRDA:10,0,1,0
BRF:2
BRH:1
end_of_record
TN:
SF:src/app/shared/pipes/image-array/image-array.pipe.ts
FN:8,(anonymous_0)
FNF:1
FNH:1
FNDA:6,(anonymous_0)
DA:7,1
DA:9,6
LF:2
LH:2
BRF:0
BRH:0
end_of_record
TN:
SF:src/app/shared/pipes/random-image/random-image.pipe.ts
FN:10,(anonymous_0)
FNF:1
FNH:1
FNDA:3,(anonymous_0)
DA:9,1
DA:11,3
DA:12,2
DA:13,1
DA:17,1
DA:20,1
LF:6
LH:6
BRDA:11,0,0,2
BRDA:11,0,1,1
BRDA:12,1,0,1
BRDA:12,1,1,1
BRF:4
BRH:4
end_of_record
TN:
SF:src/app/shared/pipes/timeago/timeago.pipe.ts
FN:8,(anonymous_0)
FNF:1
FNH:1
FNDA:2,(anonymous_0)
DA:7,1
DA:9,2
DA:10,2
DA:11,1
DA:13,1
LF:5
LH:5
BRDA:8,0,0,1
BRDA:10,1,0,1
BRDA:10,1,1,1
BRF:3
BRH:3
end_of_record
TN:
SF:src/app/shared/pipes/title-media/title-media.pipe.ts
FN:9,(anonymous_0)
FNF:1
FNH:1
FNDA:1,(anonymous_0)
DA:8,1
DA:10,1
LF:2
LH:2
BRF:0
BRH:0
end_of_record
TN:
SF:src/app/shared/pipes/truncate-text/truncate-text.pipe.ts
FN:6,(anonymous_0)
FNF:1
FNH:1
FNDA:1,(anonymous_0)
DA:5,1
DA:7,1
DA:8,1
DA:9,1
DA:10,1
DA:14,1
LF:6
LH:6
BRDA:6,0,0,1
BRDA:6,1,0,1
BRDA:7,2,0,1
BRDA:7,3,0,1
BRDA:7,3,1,1
BRDA:9,4,0,1
BRF:6
BRH:6
end_of_record
TN:
SF:src/app/shared/pipes/type/type.pipe.ts
FN:7,(anonymous_0)
FNF:1
FNH:1
FNDA:10,(anonymous_0)
DA:6,1
DA:8,10
DA:9,1
DA:10,9
DA:11,1
DA:12,8
DA:13,1
DA:14,7
DA:15,1
DA:16,6
DA:17,1
DA:18,5
DA:19,1
DA:20,4
DA:21,1
DA:22,3
DA:23,1
DA:24,2
DA:25,1
DA:27,1
LF:20
LH:20
BRDA:8,0,0,1
BRDA:8,0,1,9
BRDA:10,1,0,1
BRDA:10,1,1,8
BRDA:12,2,0,1
BRDA:12,2,1,7
BRDA:14,3,0,1
BRDA:14,3,1,6
BRDA:16,4,0,1
BRDA:16,4,1,5
BRDA:18,5,0,1
BRDA:18,5,1,4
BRDA:20,6,0,1
BRDA:20,6,1,3
BRDA:22,7,0,1
BRDA:22,7,1,2
BRDA:24,8,0,1
BRDA:24,8,1,1
BRF:18
BRH:18
end_of_record
TN:
SF:src/app/shared/services/api/api.dtos.ts
FN:15,(anonymous_0)
FN:29,(anonymous_1)
FNF:2
FNH:1
FNDA:60,(anonymous_0)
FNDA:0,(anonymous_1)
DA:2,60
DA:3,60
DA:4,60
DA:16,60
DA:17,60
DA:18,132
DA:19,132
DA:30,0
DA:31,0
DA:32,0
DA:33,0
LF:11
LH:7
BRDA:16,0,0,60
BRDA:18,1,0,132
BRDA:30,2,0,0
BRDA:32,3,0,0
BRF:4
BRH:2
end_of_record
TN:
SF:src/app/shared/services/api/api.service.ts
FN:12,(anonymous_0)
FN:14,(anonymous_1)
FN:20,(anonymous_2)
FN:26,(anonymous_3)
FN:30,(anonymous_4)
FN:34,(anonymous_5)
FNF:6
FNH:0
FNDA:0,(anonymous_0)
FNDA:0,(anonymous_1)
FNDA:0,(anonymous_2)
FNDA:0,(anonymous_3)
FNDA:0,(anonymous_4)
FNDA:0,(anonymous_5)
DA:10,1
DA:11,0
DA:12,0
DA:15,0
DA:21,0
DA:27,0
DA:31,0
DA:35,0
LF:8
LH:1
BRF:0
BRH:0
end_of_record
TN:
SF:src/app/shared/services/api/event/event.service.ts
FN:12,(anonymous_0)
FN:14,(anonymous_1)
FNF:2
FNH:2
FNDA:2,(anonymous_0)
FNDA:1,(anonymous_1)
DA:10,1
DA:11,2
DA:12,2
DA:15,1
LF:4
LH:4
BRF:0
BRH:0
end_of_record
TN:
SF:src/app/shared/services/api/geo/geo.service.ts
FN:10,(anonymous_0)
FN:12,(anonymous_1)
FN:19,(anonymous_2)
FNF:3
FNH:0
FNDA:0,(anonymous_0)
FNDA:0,(anonymous_1)
FNDA:0,(anonymous_2)
DA:8,1
DA:9,0
DA:10,0
DA:13,0
DA:22,0
LF:5
LH:1
BRF:0
BRH:0
end_of_record
TN:
SF:src/app/shared/services/api/image/image.service.ts
FN:18,(anonymous_0)
FN:20,(anonymous_1)
FN:25,(anonymous_2)
FN:30,(anonymous_3)
FN:39,(anonymous_4)
FN:45,(anonymous_5)
FN:50,(anonymous_6)
FNF:7
FNH:0
FNDA:0,(anonymous_0)
FNDA:0,(anonymous_1)
FNDA:0,(anonymous_2)
FNDA:0,(anonymous_3)
FNDA:0,(anonymous_4)
FNDA:0,(anonymous_5)
FNDA:0,(anonymous_6)
DA:16,1
DA:17,0
DA:18,0
DA:21,0
DA:22,0
DA:26,0
DA:27,0
DA:31,0
DA:32,0
DA:33,0
DA:34,0
DA:35,0
DA:36,0
DA:40,0
DA:46,0
DA:47,0
DA:51,0
LF:17
LH:1
BRF:0
BRH:0
end_of_record
TN:
SF:src/app/shared/services/api/media/media.service.ts
FN:12,(anonymous_0)
FN:14,(anonymous_1)
FNF:2
FNH:0
FNDA:0,(anonymous_0)
FNDA:0,(anonymous_1)
DA:10,1
DA:11,0
DA:12,0
DA:15,0
LF:4
LH:1
BRF:0
BRH:0
end_of_record
TN:
SF:src/app/shared/services/api/scraping/scraping.service.ts
FN:28,(anonymous_0)
FN:30,(anonymous_1)
FN:41,(anonymous_2)
FN:50,(anonymous_3)
FN:59,(anonymous_4)
FN:68,(anonymous_5)
FN:77,(anonymous_6)
FN:81,(anonymous_7)
FN:88,(anonymous_8)
FN:95,(anonymous_9)
FNF:10
FNH:0
FNDA:0,(anonymous_0)
FNDA:0,(anonymous_1)
FNDA:0,(anonymous_2)
FNDA:0,(anonymous_3)
FNDA:0,(anonymous_4)
FNDA:0,(anonymous_5)
FNDA:0,(anonymous_6)
FNDA:0,(anonymous_7)
FNDA:0,(anonymous_8)
FNDA:0,(anonymous_9)
DA:26,1
DA:27,0
DA:28,0
DA:31,0
DA:32,0
DA:37,0
DA:44,0
DA:53,0
DA:62,0
DA:71,0
DA:78,0
DA:82,0
DA:89,0
DA:99,0
LF:14
LH:1
BRDA:31,0,0,0
BRDA:31,0,1,0
BRF:2
BRH:0
end_of_record
TN:
SF:src/app/shared/services/api/stats/stats.service.ts
FN:12,(anonymous_0)
FN:14,(anonymous_1)
FN:18,(anonymous_2)
FNF:3
FNH:0
FNDA:0,(anonymous_0)
FNDA:0,(anonymous_1)
FNDA:0,(anonymous_2)
DA:10,1
DA:11,0
DA:12,0
DA:15,0
DA:19,0
LF:5
LH:1
BRF:0
BRH:0
end_of_record
TN:
SF:src/app/shared/services/api/style/style.service.ts
FN:12,(anonymous_0)
FN:14,(anonymous_1)
FN:18,(anonymous_2)
FN:22,(anonymous_3)
FN:26,(anonymous_4)
FN:30,(anonymous_5)
FNF:6
FNH:0
FNDA:0,(anonymous_0)
FNDA:0,(anonymous_1)
FNDA:0,(anonymous_2)
FNDA:0,(anonymous_3)
FNDA:0,(anonymous_4)
FNDA:0,(anonymous_5)
DA:10,1
DA:11,0
DA:12,0
DA:15,0
DA:19,0
DA:23,0
DA:27,0
DA:31,0
LF:8
LH:1
BRF:0
BRH:0
end_of_record
TN:
SF:src/app/shared/services/api/user/user.service.ts
FN:11,(anonymous_0)
FN:13,(anonymous_1)
FN:20,(anonymous_2)
FN:24,(anonymous_3)
FN:28,(anonymous_4)
FN:33,(anonymous_5)
FN:37,(anonymous_6)
FNF:7
FNH:1
FNDA:1,(anonymous_0)
FNDA:0,(anonymous_1)
FNDA:0,(anonymous_2)
FNDA:0,(anonymous_3)
FNDA:0,(anonymous_4)
FNDA:0,(anonymous_5)
FNDA:0,(anonymous_6)
DA:8,1
DA:9,1
DA:11,1
DA:14,0
DA:17,0
DA:21,0
DA:25,0
DA:29,0
DA:30,0
DA:34,0
DA:38,0
DA:39,0
DA:40,0
DA:42,0
DA:43,0
DA:45,0
LF:16
LH:3
BRDA:14,0,0,0
BRDA:14,0,1,0
BRDA:39,1,0,0
BRDA:39,1,1,0
BRF:4
BRH:0
end_of_record
TN:
SF:src/app/shared/services/system/events.service.ts
FN:5,(anonymous_0)
FN:8,(anonymous_1)
FN:16,(anonymous_2)
FN:25,(anonymous_3)
FNF:4
FNH:0
FNDA:0,(anonymous_0)
FNDA:0,(anonymous_1)
FNDA:0,(anonymous_2)
FNDA:0,(anonymous_3)
DA:5,1
DA:6,0
DA:9,0
DA:10,0
DA:13,0
DA:17,0
DA:18,0
DA:19,0
DA:22,0
DA:26,0
DA:27,0
DA:28,0
DA:31,0
DA:32,0
LF:14
LH:1
BRDA:9,0,0,0
BRDA:18,1,0,0
BRDA:27,2,0,0
BRF:3
BRH:0
end_of_record
TN:
SF:src/app/shared/services/system/local-storage.service.ts
FN:9,(anonymous_0)
FN:13,(anonymous_1)
FN:16,(anonymous_2)
FN:19,(anonymous_3)
FN:22,(anonymous_4)
FN:35,(anonymous_5)
FN:37,(anonymous_6)
FN:44,(anonymous_7)
FN:48,(anonymous_8)
FN:52,(anonymous_9)
FN:56,(anonymous_10)
FN:60,(anonymous_11)
FNF:12
FNH:2
FNDA:0,(anonymous_0)
FNDA:0,(anonymous_1)
FNDA:0,(anonymous_2)
FNDA:0,(anonymous_3)
FNDA:0,(anonymous_4)
FNDA:1,(anonymous_5)
FNDA:1,(anonymous_6)
FNDA:0,(anonymous_7)
FNDA:0,(anonymous_8)
FNDA:0,(anonymous_9)
FNDA:0,(anonymous_10)
FNDA:0,(anonymous_11)
DA:14,0
DA:17,0
DA:30,1
DA:36,1
DA:37,1
DA:38,1
DA:39,0
DA:45,0
DA:49,0
DA:53,0
DA:57,0
DA:61,0
LF:12
LH:4
BRDA:38,0,0,0
BRF:1
BRH:0
end_of_record
TN:
SF:src/app/shared/services/system/navigation.service.ts
FN:11,(anonymous_0)
FN:13,(anonymous_1)
FN:14,(anonymous_2)
FN:21,(anonymous_3)
FN:25,(anonymous_4)
FN:35,(anonymous_5)
FN:43,(anonymous_6)
FNF:7
FNH:2
FNDA:7,(anonymous_0)
FNDA:1,(anonymous_1)
FNDA:0,(anonymous_2)
FNDA:0,(anonymous_3)
FNDA:0,(anonymous_4)
FNDA:0,(anonymous_5)
FNDA:0,(anonymous_6)
DA:8,1
DA:9,7
DA:11,7
DA:14,1
DA:15,0
DA:16,0
DA:22,0
DA:26,0
DA:28,0
DA:29,0
DA:31,0
DA:36,0
DA:37,0
DA:40,0
DA:44,0
DA:45,0
DA:46,0
DA:47,0
DA:48,0
DA:49,0
DA:50,0
DA:52,0
DA:55,0
DA:56,0
DA:57,0
DA:59,0
DA:62,0
DA:64,0
LF:28
LH:4
BRDA:15,0,0,0
BRDA:28,1,0,0
BRDA:28,1,1,0
BRDA:36,2,0,0
BRDA:48,3,0,0
BRDA:48,3,1,0
BRDA:49,4,0,0
BRDA:49,4,1,0
BRDA:55,5,0,0
BRDA:56,6,0,0
BRDA:56,6,1,0
BRF:11
BRH:0
end_of_record
TN:
SF:src/app/shared/services/system/startup.service.ts
FN:13,(anonymous_0)
FN:19,(anonymous_1)
FN:20,(anonymous_2)
FN:25,(anonymous_3)
FN:31,(anonymous_4)
FN:35,(anonymous_5)
FN:43,(anonymous_6)
FNF:7
FNH:0
FNDA:0,(anonymous_0)
FNDA:0,(anonymous_1)
FNDA:0,(anonymous_2)
FNDA:0,(anonymous_3)
FNDA:0,(anonymous_4)
FNDA:0,(anonymous_5)
FNDA:0,(anonymous_6)
DA:12,1
DA:14,0
DA:15,0
DA:16,0
DA:20,0
DA:21,0
DA:22,0
DA:26,0
DA:27,0
DA:32,0
DA:33,0
DA:36,0
DA:37,0
DA:44,0
DA:45,0
DA:46,0
DA:47,0
DA:48,0
LF:18
LH:1
BRDA:44,0,0,0
BRDA:44,0,1,0
BRDA:47,1,0,0
BRF:3
BRH:0
end_of_record
TN:
SF:src/app/shared/services/system/angular-svg-icon-preloader/angular-svg-icon-preloader.service.ts
FN:19,(anonymous_0)
FN:24,(anonymous_1)
FN:25,(anonymous_2)
FN:32,(anonymous_3)
FN:37,(anonymous_4)
FN:51,(anonymous_5)
FN:52,(anonymous_6)
FN:58,(anonymous_7)
FNF:8
FNH:0
FNDA:0,(anonymous_0)
FNDA:0,(anonymous_1)
FNDA:0,(anonymous_2)
FNDA:0,(anonymous_3)
FNDA:0,(anonymous_4)
FNDA:0,(anonymous_5)
FNDA:0,(anonymous_6)
FNDA:0,(anonymous_7)
DA:11,1
DA:12,0
DA:17,0
DA:20,0
DA:21,0
DA:25,0
DA:26,0
DA:33,0
DA:34,0
DA:35,0
DA:38,0
DA:43,0
DA:44,0
DA:45,0
DA:52,0
DA:53,0
DA:58,0
DA:59,0
LF:18
LH:1
BRF:0
BRH:0
end_of_record
TN:
SF:src/app/shared/services/system/leaflet/leaflet.service.ts
FN:14,(anonymous_0)
FN:66,(anonymous_1)
FN:25,(anonymous_2)
FN:40,(anonymous_3)
FN:49,(anonymous_4)
FN:59,(anonymous_5)
FNF:6
FNH:0
FNDA:0,(anonymous_0)
FNDA:0,(anonymous_1)
FNDA:0,(anonymous_2)
FNDA:0,(anonymous_3)
FNDA:0,(anonymous_4)
FNDA:0,(anonymous_5)
DA:10,1
DA:11,0
DA:12,0
DA:16,0
DA:17,0
DA:19,0
DA:20,0
DA:21,0
DA:26,0
DA:27,0
DA:28,0
DA:35,0
DA:37,0
DA:41,0
DA:50,0
DA:60,0
DA:66,0
DA:67,0
DA:68,0
DA:69,0
DA:71,0
DA:77,0
DA:78,0
DA:80,0
LF:24
LH:1
BRDA:19,0,0,0
BRDA:28,1,0,0
BRDA:29,2,0,0
BRDA:29,2,1,0
BRDA:29,2,2,0
BRDA:29,2,3,0
BRDA:29,2,4,0
BRDA:29,2,5,0
BRDA:29,2,6,0
BRF:9
BRH:0
end_of_record
TN:
SF:src/app/shared/services/system/meta/meta.service.ts
FN:9,(anonymous_0)
FN:16,(anonymous_1)
FN:20,(anonymous_2)
FN:22,(anonymous_3)
FN:23,(anonymous_4)
FN:25,(anonymous_5)
FN:31,(anonymous_6)
FN:40,(anonymous_7)
FN:56,(anonymous_8)
FN:77,(anonymous_9)
FN:115,(anonymous_10)
FN:129,(anonymous_11)
FN:143,(anonymous_12)
FN:158,(anonymous_13)
FNF:14
FNH:1
FNDA:6,(anonymous_0)
FNDA:0,(anonymous_1)
FNDA:0,(anonymous_2)
FNDA:0,(anonymous_3)
FNDA:0,(anonymous_4)
FNDA:0,(anonymous_5)
FNDA:0,(anonymous_6)
FNDA:0,(anonymous_7)
FNDA:0,(anonymous_8)
FNDA:0,(anonymous_9)
FNDA:0,(anonymous_10)
FNDA:0,(anonymous_11)
FNDA:0,(anonymous_12)
FNDA:0,(anonymous_13)
DA:8,1
DA:10,6
DA:11,6
DA:12,6
DA:13,6
DA:17,0
DA:21,0
DA:22,0
DA:24,0
DA:25,0
DA:26,0
DA:32,0
DA:33,0
DA:34,0
DA:35,0
DA:36,0
DA:37,0
DA:41,0
DA:42,0
DA:43,0
DA:45,0
DA:46,0
DA:50,0
DA:57,0
DA:58,0
DA:62,0
DA:66,0
DA:71,0
DA:72,0
DA:73,0
DA:78,0
DA:79,0
DA:83,0
DA:87,0
DA:91,0
DA:96,0
DA:100,0
DA:104,0
DA:108,0
DA:116,0
DA:117,0
DA:122,0
DA:130,0
DA:131,0
DA:136,0
DA:144,0
DA:148,0
DA:152,0
DA:159,0
DA:160,0
DA:162,0
LF:51
LH:5
BRDA:42,0,0,0
BRDA:57,1,0,0
BRDA:57,1,1,0
BRDA:78,2,0,0
BRDA:78,2,1,0
BRDA:116,3,0,0
BRDA:116,3,1,0
BRDA:130,4,0,0
BRDA:130,4,1,0
BRDA:159,5,0,0
BRDA:159,5,1,0
BRF:11
BRH:0
end_of_record
TN:
SF:src/app/shared/services/system/ngx-infinite-scroll/ngx-infinite-scroll.directive.ts
FN:44,(anonymous_0)
FN:46,(anonymous_1)
FN:52,(anonymous_2)
FN:73,(anonymous_3)
FN:75,(anonymous_4)
FN:87,(anonymous_5)
FN:92,(anonymous_6)
FN:97,(anonymous_7)
FN:101,(anonymous_8)
FN:105,(anonymous_9)
FN:112,hasObservers
FNF:11
FNH:7
FNDA:1,(anonymous_0)
FNDA:1,(anonymous_1)
FNDA:1,(anonymous_2)
FNDA:1,(anonymous_3)
FNDA:1,(anonymous_4)
FNDA:0,(anonymous_5)
FNDA:0,(anonymous_6)
FNDA:0,(anonymous_7)
FNDA:1,(anonymous_8)
FNDA:1,(anonymous_9)
FNDA:0,hasObservers
DA:25,1
DA:28,1
DA:29,1
DA:31,1
DA:32,1
DA:33,1
DA:34,1
DA:35,1
DA:36,1
DA:37,1
DA:38,1
DA:39,1
DA:40,1
DA:44,1
DA:47,1
DA:48,1
DA:57,1
DA:58,1
DA:59,1
DA:61,1
DA:65,1
DA:66,0
DA:67,0
DA:68,0
DA:74,1
DA:75,1
DA:76,1
DA:87,0
DA:94,0
DA:96,0
DA:97,0
DA:102,1
DA:106,1
DA:107,1
DA:115,0
LF:35
LH:27
BRDA:47,0,0,1
BRDA:61,1,0,1
BRDA:61,1,1,1
BRDA:61,1,2,0
BRDA:61,1,3,0
BRDA:61,1,4,0
BRDA:65,2,0,0
BRDA:65,3,0,1
BRDA:65,3,1,1
BRDA:65,3,2,1
BRDA:67,4,0,0
BRDA:74,5,0,1
BRDA:94,6,0,0
BRDA:94,6,1,0
BRDA:96,7,0,0
BRDA:106,8,0,1
BRDA:115,9,0,0
BRDA:115,9,1,0
BRF:18
BRH:8
end_of_record
TN:
SF:src/app/shared/services/system/ngx-infinite-scroll/ngx-infinite-scroll.module.ts
FNF:0
FNH:0
DA:11,1
LF:1
LH:1
BRF:0
BRH:0
end_of_record
TN:
SF:src/app/shared/services/system/ngx-infinite-scroll/ngx-infinite-scroll.service.ts
FNF:0
FNH:0
DA:6,1
LF:1
LH:1
BRF:0
BRH:0
end_of_record
TN:
SF:src/app/shared/services/system/ngx-infinite-scroll/services/axis-resolver.ts
FN:24,(anonymous_0)
FN:27,(anonymous_1)
FN:30,(anonymous_2)
FN:33,(anonymous_3)
FN:36,(anonymous_4)
FN:39,(anonymous_5)
FN:42,(anonymous_6)
FN:45,(anonymous_7)
FNF:8
FNH:7
FNDA:1,(anonymous_0)
FNDA:2,(anonymous_1)
FNDA:2,(anonymous_2)
FNDA:0,(anonymous_3)
FNDA:2,(anonymous_4)
FNDA:2,(anonymous_5)
FNDA:2,(anonymous_6)
FNDA:1,(anonymous_7)
DA:1,1
DA:11,1
DA:24,1
DA:25,1
DA:28,2
DA:31,2
DA:34,0
DA:37,2
DA:40,2
DA:43,2
DA:46,1
LF:11
LH:10
BRDA:24,0,0,0
BRDA:25,1,0,1
BRDA:25,1,1,0
BRF:3
BRH:1
end_of_record
TN:
SF:src/app/shared/services/system/ngx-infinite-scroll/services/event-trigger.ts
FN:24,shouldTriggerEvents
FNF:1
FNH:0
FNDA:0,shouldTriggerEvents
DA:29,0
DA:30,0
DA:32,0
DA:33,0
DA:35,0
LF:5
LH:0
BRDA:29,0,0,0
BRDA:29,1,0,0
BRDA:29,1,1,0
BRDA:32,2,0,0
BRDA:32,3,0,0
BRDA:32,3,1,0
BRF:6
BRH:0
end_of_record
TN:
SF:src/app/shared/services/system/ngx-infinite-scroll/services/ngx-ins-utils.ts
FN:3,resolveContainerElement
FN:27,findElement
FN:36,inputPropChanged
FN:40,hasWindowDefined
FNF:4
FNH:3
FNDA:1,resolveContainerElement
FNDA:0,findElement
FNDA:3,inputPropChanged
FNDA:1,hasWindowDefined
DA:10,1
DA:11,1
DA:12,1
DA:14,0
DA:15,0
DA:18,0
DA:19,0
DA:24,1
DA:32,0
DA:33,0
DA:37,3
DA:41,1
LF:12
LH:6
BRDA:10,0,0,1
BRDA:10,0,1,1
BRDA:10,0,2,1
BRDA:11,1,0,1
BRDA:11,1,1,0
BRDA:11,2,0,1
BRDA:11,2,1,1
BRDA:12,3,0,0
BRDA:14,4,0,0
BRDA:14,4,1,0
BRDA:14,4,2,0
BRDA:15,5,0,0
BRDA:15,5,1,0
BRDA:18,6,0,0
BRDA:32,7,0,0
BRDA:32,7,1,0
BRDA:37,8,0,3
BRDA:37,8,1,1
BRF:18
BRH:8
end_of_record
TN:
SF:src/app/shared/services/system/ngx-infinite-scroll/services/position-resolver.ts
FN:11,createResolver
FN:21,createResolverWithContainer
FN:32,isElementWindow
FN:33,(anonymous_3)
FN:39,getDocumentElement
FN:46,calculatePoints
FN:53,calculatePointsForWindow
FN:81,calculatePointsForElement
FN:93,extractHeightPropKeys
FN:100,extractHeightForElement
FN:113,getElementHeight
FN:127,getElementOffsetTop
FN:142,getElementPageYOffset
FNF:13
FNH:12
FNDA:1,createResolver
FNDA:1,createResolverWithContainer
FNDA:1,isElementWindow
FNDA:1,(anonymous_3)
FNDA:2,getDocumentElement
FNDA:1,calculatePoints
FNDA:1,calculatePointsForWindow
FNDA:0,calculatePointsForElement
FNDA:2,extractHeightPropKeys
FNDA:1,extractHeightForElement
FNDA:2,getElementHeight
FNDA:1,getElementOffsetTop
FNDA:2,getElementPageYOffset
DA:15,1
DA:26,1
DA:29,1
DA:33,1
DA:34,1
DA:36,1
DA:43,2
DA:47,1
DA:48,1
DA:58,1
DA:59,1
DA:62,1
DA:69,1
DA:76,1
DA:78,1
DA:86,0
DA:88,0
DA:89,0
DA:90,0
DA:94,2
DA:105,1
DA:106,1
DA:119,2
DA:120,1
DA:121,1
DA:123,1
DA:132,1
DA:133,1
DA:134,0
DA:136,1
DA:147,2
DA:148,2
DA:149,2
DA:151,2
DA:152,0
DA:153,2
DA:154,2
DA:156,0
LF:38
LH:31
BRDA:26,0,0,1
BRDA:26,0,1,0
BRDA:26,1,0,1
BRDA:26,1,1,0
BRDA:26,1,2,0
BRDA:43,2,0,2
BRDA:43,2,1,0
BRDA:48,3,0,1
BRDA:48,3,1,0
BRDA:119,4,0,1
BRDA:119,4,1,1
BRDA:121,5,0,1
BRDA:121,5,1,0
BRDA:133,6,0,0
BRDA:151,7,0,0
BRDA:151,7,1,2
BRDA:153,8,0,2
BRDA:153,8,1,0
BRF:18
BRH:9
end_of_record
TN:
SF:src/app/shared/services/system/ngx-infinite-scroll/services/scroll-register.ts
FN:12,createScroller
FN:35,(anonymous_1)
FN:36,(anonymous_2)
FN:43,(anonymous_3)
FN:47,(anonymous_4)
FN:54,(anonymous_5)
FN:61,attachScrollEvent
FN:80,toInfiniteScrollParams
FN:102,toInfiniteScrollAction
FNF:9
FNH:2
FNDA:1,createScroller
FNDA:0,(anonymous_1)
FNDA:0,(anonymous_2)
FNDA:0,(anonymous_3)
FNDA:0,(anonymous_4)
FNDA:0,(anonymous_5)
FNDA:1,attachScrollEvent
FNDA:0,toInfiniteScrollParams
FNDA:0,toInfiniteScrollAction
DA:13,1
DA:14,1
DA:23,1
DA:26,1
DA:30,1
DA:34,1
DA:35,0
DA:37,0
DA:44,0
DA:48,0
DA:55,0
DA:64,1
DA:69,1
DA:70,1
DA:77,1
DA:85,0
DA:90,0
DA:97,1
DA:108,0
DA:109,0
LF:20
LH:11
BRDA:69,0,0,1
BRDA:110,1,0,0
BRDA:110,1,1,0
BRF:3
BRH:1
end_of_record
TN:
SF:src/app/shared/services/system/ngx-infinite-scroll/services/scroll-resolver.ts
FN:3,shouldFireScrollEvent
FN:34,isScrollingDownwards
FN:41,getScrollStats
FN:53,updateScrollPosition
FN:60,updateTotalToScroll
FN:70,isSameTotalToScroll
FN:74,updateTriggeredFlag
FN:87,isTriggeredScroll
FN:97,updateScrollState
FNF:9
FNH:0
FNDA:0,shouldFireScrollEvent
FNDA:0,isScrollingDownwards
FNDA:0,getScrollStats
FNDA:0,updateScrollPosition
FNDA:0,updateTotalToScroll
FNDA:0,isSameTotalToScroll
FNDA:0,updateTriggeredFlag
FNDA:0,isTriggeredScroll
FNDA:0,updateScrollState
DA:10,0
DA:11,0
DA:14,0
DA:17,0
DA:18,0
DA:20,0
DA:21,0
DA:24,0
DA:25,0
DA:26,0
DA:27,0
DA:30,0
DA:31,0
DA:38,0
DA:46,0
DA:47,0
DA:57,0
DA:64,0
DA:65,0
DA:66,0
DA:71,0
DA:80,0
DA:81,0
DA:83,0
DA:92,0
DA:102,0
DA:103,0
LF:27
LH:0
BRDA:5,0,0,0
BRDA:10,1,0,0
BRDA:14,2,0,0
BRDA:14,2,1,0
BRDA:17,3,0,0
BRDA:17,3,1,0
BRDA:20,4,0,0
BRDA:20,4,1,0
BRDA:26,5,0,0
BRDA:26,5,1,0
BRDA:64,6,0,0
BRDA:80,7,0,0
BRDA:80,7,1,0
BRDA:92,8,0,0
BRDA:92,8,1,0
BRF:15
BRH:0
end_of_record
TN:
SF:src/app/shared/services/system/ngx-infinite-scroll/services/scroll-state.ts
FN:12,(anonymous_0)
FN:16,(anonymous_1)
FN:20,(anonymous_2)
FN:27,(anonymous_3)
FN:32,(anonymous_4)
FN:40,(anonymous_5)
FNF:6
FNH:1
FNDA:1,(anonymous_0)
FNDA:0,(anonymous_1)
FNDA:0,(anonymous_2)
FNDA:0,(anonymous_3)
FNDA:0,(anonymous_4)
FNDA:0,(anonymous_5)
DA:4,1
DA:5,1
DA:6,1
DA:7,1
DA:13,1
DA:17,0
DA:21,0
DA:22,0
DA:23,0
DA:28,0
DA:29,0
DA:33,0
DA:34,0
DA:36,0
DA:41,0
LF:15
LH:5
BRDA:21,0,0,0
BRDA:33,1,0,0
BRDA:33,1,1,0
BRDA:41,2,0,0
BRDA:41,2,1,0
BRF:5
BRH:0
end_of_record
TN:
SF:src/app/shared/services/system/ngx-spinner/config.ts
FNF:0
FNH:0
DA:7,1
LF:1
LH:1
BRF:0
BRH:0
end_of_record
TN:
SF:src/app/shared/services/system/ngx-spinner/ngx-spinner.component.ts
FN:168,(anonymous_0)
FN:233,(anonymous_1)
FN:151,(anonymous_2)
FN:190,(anonymous_3)
FN:194,(anonymous_4)
FN:209,(anonymous_5)
FN:221,(anonymous_6)
FN:255,(anonymous_7)
FN:288,(anonymous_8)
FN:292,(anonymous_9)
FN:314,(anonymous_10)
FN:322,(anonymous_11)
FNF:12
FNH:6
FNDA:1,(anonymous_0)
FNDA:1,(anonymous_1)
FNDA:0,(anonymous_2)
FNDA:1,(anonymous_3)
FNDA:0,(anonymous_4)
FNDA:1,(anonymous_5)
FNDA:0,(anonymous_6)
FNDA:1,(anonymous_7)
FNDA:0,(anonymous_8)
FNDA:0,(anonymous_9)
FNDA:0,(anonymous_10)
FNDA:1,(anonymous_11)
DA:48,1
DA:111,1
DA:117,1
DA:142,1
DA:152,0
DA:153,0
DA:157,0
DA:158,0
DA:169,1
DA:170,1
DA:171,1
DA:174,1
DA:176,1
DA:177,1
DA:178,1
DA:179,1
DA:180,1
DA:181,1
DA:182,1
DA:183,1
DA:185,1
DA:186,1
DA:187,1
DA:191,1
DA:195,0
DA:196,0
DA:197,0
DA:198,0
DA:200,0
DA:210,1
DA:211,1
DA:222,0
DA:223,0
DA:225,0
DA:233,1
DA:234,1
DA:235,1
DA:256,1
DA:257,1
DA:258,1
DA:259,1
DA:260,1
DA:261,0
DA:265,0
DA:266,0
DA:267,0
DA:268,0
DA:269,0
DA:271,0
DA:275,0
DA:276,0
DA:289,0
DA:290,0
DA:292,0
DA:293,0
DA:294,0
DA:296,0
DA:297,0
DA:299,0
DA:300,0
DA:302,0
DA:303,0
DA:305,0
DA:307,0
DA:315,0
DA:323,1
DA:324,1
LF:67
LH:32
BRDA:234,0,0,1
BRDA:234,0,1,1
BRDA:240,1,0,1
BRDA:240,1,1,0
BRDA:152,2,0,0
BRDA:152,3,0,0
BRDA:152,3,1,0
BRDA:153,4,0,0
BRDA:154,5,0,0
BRDA:154,5,1,0
BRDA:154,5,2,0
BRDA:197,6,0,0
BRDA:222,7,0,0
BRDA:225,8,0,0
BRDA:225,8,1,0
BRDA:257,9,0,1
BRDA:259,10,0,1
BRDA:259,10,1,0
BRDA:261,11,0,0
BRDA:262,12,0,0
BRDA:262,12,1,0
BRDA:265,13,0,0
BRDA:267,14,0,0
BRDA:268,15,0,0
BRDA:268,15,1,0
BRDA:275,16,0,0
BRDA:294,17,0,0
BRDA:294,17,1,0
BRDA:294,17,2,0
BRDA:294,17,3,0
BRF:30
BRH:5
end_of_record
TN:
SF:src/app/shared/services/system/ngx-spinner/ngx-spinner.enum.ts
FN:94,(anonymous_0)
FN:98,(anonymous_1)
FNF:2
FNH:2
FNDA:2,(anonymous_0)
FNDA:1,(anonymous_1)
DA:1,1
DA:57,1
DA:63,1
DA:95,2
DA:99,1
DA:100,0
DA:103,1
LF:7
LH:6
BRDA:99,0,0,0
BRDA:99,1,0,1
BRDA:99,1,1,1
BRF:3
BRH:2
end_of_record
TN:
SF:src/app/shared/services/system/ngx-spinner/ngx-spinner.module.ts
FN:13,(anonymous_0)
FNF:1
FNH:0
FNDA:0,(anonymous_0)
DA:12,1
DA:16,0
LF:2
LH:1
BRF:0
BRH:0
end_of_record
TN:
SF:src/app/shared/services/system/ngx-spinner/ngx-spinner.service.ts
FN:9,(anonymous_0)
FN:21,(anonymous_1)
FN:24,(anonymous_2)
FN:31,(anonymous_3)
FN:32,(anonymous_4)
FN:33,(anonymous_5)
FN:52,(anonymous_6)
FN:53,(anonymous_7)
FN:54,(anonymous_8)
FNF:9
FNH:3
FNDA:7,(anonymous_0)
FNDA:1,(anonymous_1)
FNDA:1,(anonymous_2)
FNDA:0,(anonymous_3)
FNDA:0,(anonymous_4)
FNDA:0,(anonymous_5)
FNDA:0,(anonymous_6)
FNDA:0,(anonymous_7)
FNDA:0,(anonymous_8)
DA:9,1
DA:16,7
DA:22,1
DA:24,1
DA:32,0
DA:33,0
DA:34,0
DA:35,0
DA:36,0
DA:39,0
DA:41,0
DA:42,0
DA:53,0
DA:54,0
DA:55,0
DA:56,0
LF:16
LH:4
BRDA:24,0,0,1
BRDA:24,0,1,0
BRDA:31,1,0,0
BRDA:34,2,0,0
BRDA:34,2,1,0
BRDA:34,3,0,0
BRDA:34,3,1,0
BRDA:52,4,0,0
BRDA:52,5,0,0
BRF:9
BRH:1
end_of_record
TN:
SF:src/app/shared/services/system/ngx-spinner/safe-html.pipe.ts
FN:8,(anonymous_0)
FN:10,(anonymous_1)
FNF:2
FNH:1
FNDA:1,(anonymous_0)
FNDA:0,(anonymous_1)
DA:7,1
DA:8,1
DA:11,0
DA:12,0
LF:4
LH:2
BRDA:11,0,0,0
BRF:1
BRH:0
end_of_record
TN:
SF:src/app/shared/services/system/validations-form/validations-form.service.ts
FN:6,(anonymous_0)
FN:20,(anonymous_1)
FN:21,(anonymous_2)
FN:27,(anonymous_3)
FN:40,(anonymous_4)
FN:73,(anonymous_5)
FNF:6
FNH:0
FNDA:0,(anonymous_0)
FNDA:0,(anonymous_1)
FNDA:0,(anonymous_2)
FNDA:0,(anonymous_3)
FNDA:0,(anonymous_4)
FNDA:0,(anonymous_5)
DA:5,1
DA:14,0
DA:19,0
DA:20,0
DA:21,0
DA:23,0
DA:24,0
DA:33,0
DA:34,0
DA:35,0
DA:37,0
DA:45,0
DA:46,0
DA:51,0
DA:52,0
DA:57,0
DA:58,0
DA:63,0
DA:64,0
DA:70,0
DA:79,0
DA:80,0
DA:85,0
DA:86,0
DA:91,0
DA:92,0
DA:97,0
DA:98,0
DA:103,0
DA:104,0
DA:109,0
DA:113,1
LF:32
LH:2
BRDA:45,0,0,0
BRDA:45,1,0,0
BRDA:45,1,1,0
BRDA:51,2,0,0
BRDA:51,3,0,0
BRDA:51,3,1,0
BRDA:57,4,0,0
BRDA:57,5,0,0
BRDA:57,5,1,0
BRDA:63,6,0,0
BRDA:63,7,0,0
BRDA:63,7,1,0
BRDA:79,8,0,0
BRDA:79,9,0,0
BRDA:79,9,1,0
BRDA:85,10,0,0
BRDA:85,11,0,0
BRDA:85,11,1,0
BRDA:91,12,0,0
BRDA:91,13,0,0
BRDA:91,13,1,0
BRDA:97,14,0,0
BRDA:97,15,0,0
BRDA:97,15,1,0
BRDA:103,16,0,0
BRDA:103,17,0,0
BRDA:103,17,1,0
BRDA:103,17,2,0
BRF:28
BRH:0
end_of_record
TN:
SF:src/app/shared/services/system/version-update/version-update.service.ts
FN:10,(anonymous_0)
FN:12,(anonymous_1)
FN:17,(anonymous_2)
FN:23,(anonymous_3)
FN:30,(anonymous_4)
FN:31,(anonymous_5)
FNF:6
FNH:1
FNDA:1,(anonymous_0)
FNDA:0,(anonymous_1)
FNDA:0,(anonymous_2)
FNDA:0,(anonymous_3)
FNDA:0,(anonymous_4)
FNDA:0,(anonymous_5)
DA:9,1
DA:11,1
DA:12,0
DA:13,0
DA:14,0
DA:17,0
DA:22,0
DA:23,0
DA:25,0
DA:26,0
DA:30,0
DA:31,0
DA:32,0
LF:13
LH:2
BRDA:11,0,0,0
BRDA:13,1,0,0
BRDA:14,2,0,0
BRF:3
BRH:0
end_of_record
TN:
SF:src/app/shared/services/ui/ui.service.ts
FN:11,(anonymous_0)
FNF:1
FNH:1
FNDA:6,(anonymous_0)
DA:10,1
DA:12,6
DA:13,6
DA:14,6
DA:15,6
DA:16,6
DA:17,6
DA:18,6
LF:8
LH:8
BRF:0
BRH:0
end_of_record
TN:
SF:src/app/shared/services/ui/full-image/full-image.service.ts
FN:7,(anonymous_0)
FN:13,(anonymous_1)
FN:24,(anonymous_2)
FNF:3
FNH:2
FNDA:24,(anonymous_0)
FNDA:1,(anonymous_1)
FNDA:0,(anonymous_2)
DA:7,1
DA:8,24
DA:11,24
DA:14,1
DA:15,1
DA:19,0
DA:21,1
DA:25,0
DA:26,0
LF:9
LH:6
BRDA:13,0,0,1
BRDA:14,1,0,1
BRDA:14,1,1,0
BRF:3
BRH:2
end_of_record
TN:
SF:src/app/shared/services/ui/modal/modal.service.ts
FN:16,(anonymous_0)
FN:29,(anonymous_1)
FN:43,(anonymous_2)
FN:55,(anonymous_3)
FNF:4
FNH:1
FNDA:8,(anonymous_0)
FNDA:0,(anonymous_1)
FNDA:0,(anonymous_2)
FNDA:0,(anonymous_3)
DA:5,1
DA:16,1
DA:17,8
DA:18,8
DA:19,8
DA:20,8
DA:23,8
DA:27,8
DA:35,0
DA:36,0
DA:37,0
DA:38,0
DA:39,0
DA:40,0
DA:44,0
DA:45,0
DA:46,0
DA:47,0
DA:51,0
DA:52,0
DA:56,0
DA:57,0
DA:58,0
DA:60,0
LF:24
LH:8
BRDA:38,0,0,0
BRDA:38,0,1,0
BRDA:56,1,0,0
BRF:3
BRH:0
end_of_record
TN:
SF:src/app/shared/services/ui/toast/toast.service.ts
FN:14,(anonymous_0)
FN:25,(anonymous_1)
FN:29,(anonymous_2)
FN:32,(anonymous_3)
FNF:4
FNH:1
FNDA:8,(anonymous_0)
FNDA:0,(anonymous_1)
FNDA:0,(anonymous_2)
FNDA:0,(anonymous_3)
DA:4,1
DA:14,1
DA:15,8
DA:18,8
DA:21,8
DA:26,0
DA:27,0
DA:28,0
DA:29,0
DA:33,0
LF:10
LH:5
BRDA:25,0,0,0
BRF:1
BRH:0
end_of_record
TN:
SF:src/app/shared/utils/dates.ts
FN:13,(anonymous_0)
FNF:1
FNH:1
FNDA:6,(anonymous_0)
DA:7,1
DA:8,1
DA:9,1
DA:10,1
DA:14,6
DA:15,0
DA:17,6
DA:18,0
DA:20,6
LF:9
LH:7
BRDA:14,0,0,0
BRDA:17,1,0,0
BRDA:17,1,1,6
BRF:3
BRH:1
end_of_record
TN:
SF:src/app/shared/utils/user.ts
FNF:0
FNH:0
DA:3,1
DA:11,1
LF:2
LH:2
BRF:0
BRH:0
end_of_record
TN:
SF:src/app/shared/utils/utils.ts
FN:10,(anonymous_0)
FN:14,(anonymous_1)
FN:15,(anonymous_2)
FN:18,(anonymous_3)
FN:29,(anonymous_4)
FN:33,(anonymous_5)
FN:50,(anonymous_6)
FN:53,(anonymous_7)
FN:74,(anonymous_8)
FN:86,(anonymous_9)
FN:94,(anonymous_10)
FN:105,(anonymous_11)
FN:106,(anonymous_12)
FN:123,(anonymous_13)
FN:128,(anonymous_14)
FN:133,(anonymous_15)
FN:142,(anonymous_16)
FN:159,(anonymous_17)
FNF:18
FNH:10
FNDA:0,(anonymous_0)
FNDA:0,(anonymous_1)
FNDA:0,(anonymous_2)
FNDA:0,(anonymous_3)
FNDA:0,(anonymous_4)
FNDA:1,(anonymous_5)
FNDA:1,(anonymous_6)
FNDA:1,(anonymous_7)
FNDA:0,(anonymous_8)
FNDA:1,(anonymous_9)
FNDA:6,(anonymous_10)
FNDA:2,(anonymous_11)
FNDA:2,(anonymous_12)
FNDA:7,(anonymous_13)
FNDA:29,(anonymous_14)
FNDA:0,(anonymous_15)
FNDA:6,(anonymous_16)
FNDA:0,(anonymous_17)
DA:10,1
DA:11,0
DA:14,1
DA:15,0
DA:18,1
DA:19,0
DA:20,0
DA:21,0
DA:22,0
DA:23,0
DA:24,0
DA:26,0
DA:29,1
DA:30,0
DA:33,1
DA:34,1
DA:35,1
DA:36,0
DA:38,1
DA:39,0
DA:40,0
DA:41,0
DA:42,0
DA:43,0
DA:44,0
DA:45,0
DA:46,0
DA:50,1
DA:51,1
DA:52,1
DA:53,1
DA:54,1
DA:55,0
DA:57,1
DA:59,1
DA:61,1
DA:62,1
DA:63,0
DA:64,0
DA:66,0
DA:68,1
DA:69,1
DA:71,1
DA:74,1
DA:75,0
DA:76,0
DA:77,0
DA:78,0
DA:79,0
DA:80,0
DA:81,0
DA:86,1
DA:87,1
DA:88,1
DA:90,0
DA:94,1
DA:98,6
DA:99,0
DA:101,6
DA:105,1
DA:106,2
DA:107,2
DA:108,2
DA:109,0
DA:111,2
DA:112,2
DA:113,0
DA:114,0
DA:115,0
DA:117,0
DA:123,1
DA:127,7
DA:128,29
DA:130,7
DA:133,1
DA:136,0
DA:142,1
DA:143,6
DA:148,6
DA:149,0
DA:150,0
DA:151,0
DA:152,0
DA:156,6
DA:159,1
DA:160,0
DA:161,0
LF:87
LH:43
BRDA:15,0,0,0
BRDA:15,0,1,0
BRDA:23,1,0,0
BRDA:23,2,0,0
BRDA:23,2,1,0
BRDA:23,2,2,0
BRDA:33,3,0,0
BRDA:33,4,0,1
BRDA:34,5,0,1
BRDA:34,5,1,0
BRDA:35,6,0,0
BRDA:39,7,0,0
BRDA:52,8,0,1
BRDA:52,9,0,1
BRDA:52,9,1,1
BRDA:54,10,0,0
BRDA:61,11,0,1
BRDA:61,11,1,0
BRDA:61,12,0,1
BRDA:61,12,1,1
BRDA:61,12,2,1
BRDA:63,13,0,0
BRDA:63,13,1,0
BRDA:63,14,0,0
BRDA:63,14,1,0
BRDA:63,14,2,0
BRDA:68,15,0,1
BRDA:75,16,0,0
BRDA:75,16,1,0
BRDA:77,17,0,0
BRDA:77,17,1,0
BRDA:79,18,0,0
BRDA:80,19,0,0
BRDA:87,20,0,1
BRDA:87,20,1,0
BRDA:98,21,0,0
BRDA:98,21,1,6
BRDA:98,22,0,6
BRDA:98,22,1,1
BRDA:108,23,0,0
BRDA:108,23,1,2
BRDA:130,24,0,0
BRDA:130,24,1,7
BRDA:148,25,0,0
BRDA:151,26,0,0
BRDA:151,27,0,0
BRDA:151,27,1,0
BRF:47
BRH:16
end_of_record
TN:
SF:src/app/testing/services-helper.mock.ts
FN:4,(anonymous_0)
FNF:1
FNH:1
FNDA:6,(anonymous_0)
DA:4,1
DA:5,6
LF:2
LH:2
BRF:0
BRH:0
end_of_record
TN:
SF:src/app/testing/services.mock.ts
FN:4,(anonymous_0)
FN:8,(anonymous_1)
FN:12,(anonymous_2)
FN:16,(anonymous_3)
FNF:4
FNH:1
FNDA:6,(anonymous_0)
FNDA:0,(anonymous_1)
FNDA:0,(anonymous_2)
FNDA:0,(anonymous_3)
DA:3,1
DA:4,6
DA:7,1
DA:8,0
DA:11,1
DA:12,0
DA:15,1
DA:16,0
DA:19,1
DA:24,1
DA:28,1
DA:30,1
LF:12
LH:9
BRF:0
BRH:0
end_of_record
TN:
SF:src/assets/data/countries.ts
FNF:0
FNH:0
DA:1,1
LF:1
LH:1
BRF:0
BRH:0
end_of_record
TN:
SF:src/assets/data/flags.ts
FNF:0
FNH:0
DA:1,1
LF:1
LH:1
BRF:0
BRH:0
end_of_record
TN:
SF:src/environments/environment.ts
FNF:0
FNH:0
DA:1,1
LF:1
LH:1
BRF:0
BRH:0
end_of_record
